Log file open, 07/03/19 15:05:42
LogWindows: Failed to load 'aqProf.dll' (GetLastError=126)
LogWindows: File 'aqProf.dll' does not exist
LogWindows: Failed to load 'VtuneApi.dll' (GetLastError=126)
LogWindows: File 'VtuneApi.dll' does not exist
LogWindows: Failed to load 'VtuneApi32e.dll' (GetLastError=126)
LogWindows: File 'VtuneApi32e.dll' does not exist
LogInit: Display: Running engine for game: Cube
LogPlatformFile: Not using cached read wrapper
LogInit: Display: RandInit(1063606173) SRandInit(1063606173).
LogInit: Read version file with build ID '3944462'
LogInit: Overriding engine version to CL 4033788, compatible CL 3944462
LogInit: Registered custom module enumerator with build ID '3944462'
LogTaskGraph: Started task graph with 5 named threads and 14 total threads with 3 sets of task threads.
LogStats: Stats thread started at 0.194009
LogD3D11RHI: Aftermath initialized
LogICUInternationalization: Display: ICU TimeZone Detection - Raw Offset: +9:00, Platform Override: ''
LogPluginManager: Mounting plugin Paper2D
LogPluginManager: Mounting plugin LiveLink
LogPluginManager: Mounting plugin LightPropagationVolume
LogPluginManager: Mounting plugin CLionSourceCodeAccess
LogPluginManager: Mounting plugin CodeLiteSourceCodeAccess
LogPluginManager: Mounting plugin GitSourceControl
LogPluginManager: Mounting plugin KDevelopSourceCodeAccess
LogPluginManager: Mounting plugin NullSourceCodeAccess
LogPluginManager: Mounting plugin PerforceSourceControl
LogPluginManager: Mounting plugin SubversionSourceControl
LogPluginManager: Mounting plugin UObjectPlugin
LogPluginManager: Mounting plugin VisualStudioCodeSourceCodeAccess
LogPluginManager: Mounting plugin VisualStudioSourceCodeAccess
LogPluginManager: Mounting plugin XCodeSourceCodeAccess
LogPluginManager: Mounting plugin AssetManagerEditor
LogPluginManager: Mounting plugin CryptoKeys
LogPluginManager: Mounting plugin DataValidation
LogPluginManager: Mounting plugin FacialAnimation
LogPluginManager: Mounting plugin GameplayTagsEditor
LogPluginManager: Mounting plugin MobileLauncherProfileWizard
LogPluginManager: Mounting plugin PluginBrowser
LogPluginManager: Mounting plugin SpeedTreeImporter
LogPluginManager: Mounting plugin DatasmithContent
LogPluginManager: Mounting plugin AlembicImporter
LogPluginManager: Mounting plugin CharacterAI
LogPluginManager: Mounting plugin HTML5Networking
LogPluginManager: Mounting plugin AndroidMedia
LogPluginManager: Mounting plugin AvfMedia
LogPluginManager: Mounting plugin ImgMedia
LogPluginManager: Mounting plugin LinearTimecode
LogPluginManager: Mounting plugin MediaCompositing
LogPluginManager: Mounting plugin MediaPlayerEditor
LogPluginManager: Mounting plugin WmfMedia
LogPluginManager: Mounting plugin TcpMessaging
LogPluginManager: Mounting plugin UdpMessaging
LogPluginManager: Mounting plugin ActorSequence
LogPluginManager: Mounting plugin LevelSequenceEditor
LogPluginManager: Mounting plugin MatineeToLevelSequence
LogPluginManager: Mounting plugin NetcodeUnitTest
LogPluginManager: Mounting plugin NUTUnrealEngine4
LogPluginManager: Mounting plugin OnlineSubsystemGooglePlay
LogPluginManager: Mounting plugin OnlineSubsystemIOS
LogPluginManager: Mounting plugin OnlineSubsystem
LogPluginManager: Mounting plugin OnlineSubsystemNull
LogPluginManager: Mounting plugin OnlineSubsystemUtils
LogPluginManager: Mounting plugin AndroidDeviceProfileSelector
LogPluginManager: Mounting plugin AndroidMoviePlayer
LogPluginManager: Mounting plugin AndroidPermission
LogPluginManager: Mounting plugin AppleARKit
LogPluginManager: Mounting plugin AppleMoviePlayer
LogPluginManager: Mounting plugin ArchVisCharacter
LogPluginManager: Mounting plugin AudioCapture
LogPluginManager: Mounting plugin CableComponent
LogPluginManager: Mounting plugin CustomMeshComponent
LogPluginManager: Mounting plugin ExampleDeviceProfileSelector
LogPluginManager: Mounting plugin GoogleCloudMessaging
LogPluginManager: Mounting plugin ImmediatePhysics
LogPluginManager: Mounting plugin IOSDeviceProfileSelector
LogPluginManager: Mounting plugin LinuxDeviceProfileSelector
LogPluginManager: Mounting plugin LocationServicesBPLibrary
LogPluginManager: Mounting plugin MobilePatchingUtils
LogPluginManager: Mounting plugin OculusVR
LogPluginManager: Plugin shader directory ../../../Engine/Plugins/Runtime/Oculus/OculusVR/Shaders found
LogPluginManager: Mapping shader source directory ../../../Engine/Plugins/Runtime/Oculus/OculusVR/Shaders to virtual directory /Plugin/OculusVR
LogPluginManager: Mounting plugin PhysXVehicles
LogPluginManager: Mounting plugin ProceduralMeshComponent
LogPluginManager: Mounting plugin RuntimePhysXCooking
LogPluginManager: Mounting plugin SteamVR
LogPluginManager: Mounting plugin WindowsMoviePlayer
LogStreaming: Display: Took  0.141s to configure plugins.
LogModuleManager: Warning: Module file ../../../../../Users/shin/Source/Repos/ShinChanhun/Cube/Cube/Binaries/Win64/UE4Editor-Cube-6121.dll is missing. This is likely a stale module that must be recompiled.
LogModuleManager: Display: Found up-to-date module file ../../../Engine/Plugins/2D/Paper2D/Binaries/Win64/UE4Editor-Paper2D.dll (API version 3944462).
LogModuleManager: Display: Found up-to-date module file ../../../Engine/Plugins/2D/Paper2D/Binaries/Win64/UE4Editor-Paper2DEditor.dll (API version 3944462).
LogModuleManager: Display: Found up-to-date module file ../../../Engine/Plugins/2D/Paper2D/Binaries/Win64/UE4Editor-PaperSpriteSheetImporter.dll (API version 3944462).
LogModuleManager: Display: Found up-to-date module file ../../../Engine/Plugins/2D/Paper2D/Binaries/Win64/UE4Editor-PaperTiledImporter.dll (API version 3944462).
LogModuleManager: Display: Found up-to-date module file ../../../Engine/Plugins/2D/Paper2D/Binaries/Win64/UE4Editor-SmartSnapping.dll (API version 3944462).
LogModuleManager: Display: Found up-to-date module file ../../../Engine/Plugins/Animation/LiveLink/Binaries/Win64/UE4Editor-LiveLink.dll (API version 3944462).
LogModuleManager: Display: Found up-to-date module file ../../../Engine/Plugins/Animation/LiveLink/Binaries/Win64/UE4Editor-LiveLinkEditor.dll (API version 3944462).
LogModuleManager: Display: Found up-to-date module file ../../../Engine/Plugins/Blendables/LightPropagationVolume/Binaries/Win64/UE4Editor-LightPropagationVolumeRuntime.dll (API version 3944462).
LogModuleManager: Display: Found up-to-date module file ../../../Engine/Plugins/Blendables/LightPropagationVolume/Binaries/Win64/UE4Editor-LightPropagationVolumeEditor.dll (API version 3944462).
LogModuleManager: Display: Found up-to-date module file ../../../Engine/Plugins/Developer/CLionSourceCodeAccess/Binaries/Win64/UE4Editor-CLionSourceCodeAccess.dll (API version 3944462).
LogModuleManager: Display: Found up-to-date module file ../../../Engine/Plugins/Developer/GitSourceControl/Binaries/Win64/UE4Editor-GitSourceControl.dll (API version 3944462).
LogModuleManager: Display: Found up-to-date module file ../../../Engine/Plugins/Developer/PerforceSourceControl/Binaries/Win64/UE4Editor-PerforceSourceControl.dll (API version 3944462).
LogModuleManager: Display: Found up-to-date module file ../../../Engine/Plugins/Developer/SubversionSourceControl/Binaries/Win64/UE4Editor-SubversionSourceControl.dll (API version 3944462).
LogModuleManager: Display: Found up-to-date module file ../../../Engine/Plugins/Developer/UObjectPlugin/Binaries/Win64/UE4Editor-UObjectPlugin.dll (API version 3944462).
LogModuleManager: Display: Found up-to-date module file ../../../Engine/Plugins/Developer/VisualStudioCodeSourceCodeAccess/Binaries/Win64/UE4Editor-VisualStudioCodeSourceCodeAccess.dll (API version 3944462).
LogModuleManager: Display: Found up-to-date module file ../../../Engine/Plugins/Developer/VisualStudioSourceCodeAccess/Binaries/Win64/UE4Editor-VisualStudioSourceCodeAccess.dll (API version 3944462).
LogModuleManager: Display: Found up-to-date module file ../../../Engine/Plugins/Editor/AssetManagerEditor/Binaries/Win64/UE4Editor-AssetManagerEditor.dll (API version 3944462).
LogModuleManager: Display: Found up-to-date module file ../../../Engine/Plugins/Editor/CryptoKeys/Binaries/Win64/UE4Editor-CryptoKeys.dll (API version 3944462).
LogModuleManager: Display: Found up-to-date module file ../../../Engine/Plugins/Editor/CryptoKeys/Binaries/Win64/UE4Editor-CryptoKeysOpenSSL.dll (API version 3944462).
LogModuleManager: Display: Found up-to-date module file ../../../Engine/Plugins/Editor/DataValidation/Binaries/Win64/UE4Editor-DataValidation.dll (API version 3944462).
LogModuleManager: Display: Found up-to-date module file ../../../Engine/Plugins/Editor/FacialAnimation/Binaries/Win64/UE4Editor-FacialAnimation.dll (API version 3944462).
LogModuleManager: Display: Found up-to-date module file ../../../Engine/Plugins/Editor/FacialAnimation/Binaries/Win64/UE4Editor-FacialAnimationEditor.dll (API version 3944462).
LogModuleManager: Display: Found up-to-date module file ../../../Engine/Plugins/Editor/GameplayTagsEditor/Binaries/Win64/UE4Editor-GameplayTagsEditor.dll (API version 3944462).
LogModuleManager: Display: Found up-to-date module file ../../../Engine/Plugins/Editor/MobileLauncherProfileWizard/Binaries/Win64/UE4Editor-MobileLauncherProfileWizard.dll (API version 3944462).
LogModuleManager: Display: Found up-to-date module file ../../../Engine/Plugins/Editor/PluginBrowser/Binaries/Win64/UE4Editor-PluginBrowser.dll (API version 3944462).
LogModuleManager: Display: Found up-to-date module file ../../../Engine/Plugins/Editor/SpeedTreeImporter/Binaries/Win64/UE4Editor-SpeedTreeImporter.dll (API version 3944462).
LogModuleManager: Display: Found up-to-date module file ../../../Engine/Plugins/Enterprise/DatasmithContent/Binaries/Win64/UE4Editor-DatasmithContent.dll (API version 3944462).
LogModuleManager: Display: Found up-to-date module file ../../../Engine/Plugins/Experimental/AlembicImporter/Binaries/Win64/UE4Editor-AlembicImporter.dll (API version 3944462).
LogModuleManager: Display: Found up-to-date module file ../../../Engine/Plugins/Experimental/AlembicImporter/Binaries/Win64/UE4Editor-AlembicLibrary.dll (API version 3944462).
LogModuleManager: Display: Found up-to-date module file ../../../Engine/Plugins/Experimental/CharacterAI/Binaries/Win64/UE4Editor-CharacterAI.dll (API version 3944462).
LogModuleManager: Display: Found up-to-date module file ../../../Engine/Plugins/Experimental/HTML5Networking/Binaries/Win64/UE4Editor-HTML5Networking.dll (API version 3944462).
LogModuleManager: Display: Found up-to-date module file ../../../Engine/Plugins/Media/AndroidMedia/Binaries/Win64/UE4Editor-AndroidMediaEditor.dll (API version 3944462).
LogModuleManager: Display: Found up-to-date module file ../../../Engine/Plugins/Media/AndroidMedia/Binaries/Win64/UE4Editor-AndroidMediaFactory.dll (API version 3944462).
LogModuleManager: Display: Found up-to-date module file ../../../Engine/Plugins/Media/AvfMedia/Binaries/Win64/UE4Editor-AvfMediaEditor.dll (API version 3944462).
LogModuleManager: Display: Found up-to-date module file ../../../Engine/Plugins/Media/AvfMedia/Binaries/Win64/UE4Editor-AvfMediaFactory.dll (API version 3944462).
LogModuleManager: Display: Found up-to-date module file ../../../Engine/Plugins/Media/AvfMedia/Binaries/Win64/UE4Editor-AvfMediaFactory.dll (API version 3944462).
LogModuleManager: Display: Found up-to-date module file ../../../Engine/Plugins/Media/ImgMedia/Binaries/Win64/UE4Editor-ImgMedia.dll (API version 3944462).
LogModuleManager: Display: Found up-to-date module file ../../../Engine/Plugins/Media/ImgMedia/Binaries/Win64/UE4Editor-ImgMediaEditor.dll (API version 3944462).
LogModuleManager: Display: Found up-to-date module file ../../../Engine/Plugins/Media/ImgMedia/Binaries/Win64/UE4Editor-ImgMediaFactory.dll (API version 3944462).
LogModuleManager: Display: Found up-to-date module file ../../../Engine/Plugins/Media/ImgMedia/Binaries/Win64/UE4Editor-ImgMediaFactory.dll (API version 3944462).
LogModuleManager: Display: Found up-to-date module file ../../../Engine/Plugins/Media/ImgMedia/Binaries/Win64/UE4Editor-OpenExrWrapper.dll (API version 3944462).
LogModuleManager: Display: Found up-to-date module file ../../../Engine/Plugins/Media/LinearTimecode/Binaries/Win64/UE4Editor-LinearTimecode.dll (API version 3944462).
LogModuleManager: Display: Found up-to-date module file ../../../Engine/Plugins/Media/MediaCompositing/Binaries/Win64/UE4Editor-MediaCompositing.dll (API version 3944462).
LogModuleManager: Display: Found up-to-date module file ../../../Engine/Plugins/Media/MediaCompositing/Binaries/Win64/UE4Editor-MediaCompositingEditor.dll (API version 3944462).
LogModuleManager: Display: Found up-to-date module file ../../../Engine/Plugins/Media/MediaPlayerEditor/Binaries/Win64/UE4Editor-MediaPlayerEditor.dll (API version 3944462).
LogModuleManager: Display: Found up-to-date module file ../../../Engine/Plugins/Media/WmfMedia/Binaries/Win64/UE4Editor-WmfMedia.dll (API version 3944462).
LogModuleManager: Display: Found up-to-date module file ../../../Engine/Plugins/Media/WmfMedia/Binaries/Win64/UE4Editor-WmfMediaEditor.dll (API version 3944462).
LogModuleManager: Display: Found up-to-date module file ../../../Engine/Plugins/Media/WmfMedia/Binaries/Win64/UE4Editor-WmfMediaFactory.dll (API version 3944462).
LogModuleManager: Display: Found up-to-date module file ../../../Engine/Plugins/Media/WmfMedia/Binaries/Win64/UE4Editor-WmfMediaFactory.dll (API version 3944462).
LogModuleManager: Display: Found up-to-date module file ../../../Engine/Plugins/Messaging/TcpMessaging/Binaries/Win64/UE4Editor-TcpMessaging.dll (API version 3944462).
LogModuleManager: Display: Found up-to-date module file ../../../Engine/Plugins/Messaging/UdpMessaging/Binaries/Win64/UE4Editor-UdpMessaging.dll (API version 3944462).
LogModuleManager: Display: Found up-to-date module file ../../../Engine/Plugins/MovieScene/ActorSequence/Binaries/Win64/UE4Editor-ActorSequence.dll (API version 3944462).
LogModuleManager: Display: Found up-to-date module file ../../../Engine/Plugins/MovieScene/LevelSequenceEditor/Binaries/Win64/UE4Editor-LevelSequenceEditor.dll (API version 3944462).
LogModuleManager: Display: Found up-to-date module file ../../../Engine/Plugins/MovieScene/MatineeToLevelSequence/Binaries/Win64/UE4Editor-MatineeToLevelSequence.dll (API version 3944462).
LogModuleManager: Display: Found up-to-date module file ../../../Engine/Plugins/NetcodeUnitTest/NetcodeUnitTest/Binaries/Win64/UE4Editor-NetcodeUnitTest.dll (API version 3944462).
LogModuleManager: Display: Found up-to-date module file ../../../Engine/Plugins/NetcodeUnitTest/NUTUnrealEngine4/Binaries/Win64/UE4Editor-NUTUnrealEngine4.dll (API version 3944462).
LogModuleManager: Display: Found up-to-date module file ../../../Engine/Plugins/Online/OnlineSubsystem/Binaries/Win64/UE4Editor-OnlineSubsystem.dll (API version 3944462).
LogModuleManager: Display: Found up-to-date module file ../../../Engine/Plugins/Online/OnlineSubsystemNull/Binaries/Win64/UE4Editor-OnlineSubsystemNull.dll (API version 3944462).
LogModuleManager: Display: Found up-to-date module file ../../../Engine/Plugins/Online/OnlineSubsystemUtils/Binaries/Win64/UE4Editor-OnlineSubsystemUtils.dll (API version 3944462).
LogModuleManager: Display: Found up-to-date module file ../../../Engine/Plugins/Online/OnlineSubsystemUtils/Binaries/Win64/UE4Editor-OnlineBlueprintSupport.dll (API version 3944462).
LogModuleManager: Display: Found up-to-date module file ../../../Engine/Plugins/Runtime/AndroidDeviceProfileSelector/Binaries/Win64/UE4Editor-AndroidDeviceProfileSelector.dll (API version 3944462).
LogModuleManager: Display: Found up-to-date module file ../../../Engine/Plugins/Runtime/AndroidPermission/Binaries/Win64/UE4Editor-AndroidPermission.dll (API version 3944462).
LogModuleManager: Display: Found up-to-date module file ../../../Engine/Plugins/Runtime/AppleARKit/Binaries/Win64/UE4Editor-AppleARKit.dll (API version 3944462).
LogModuleManager: Display: Found up-to-date module file ../../../Engine/Plugins/Runtime/ArchVisCharacter/Binaries/Win64/UE4Editor-ArchVisCharacter.dll (API version 3944462).
LogModuleManager: Display: Found up-to-date module file ../../../Engine/Plugins/Runtime/AudioCapture/Binaries/Win64/UE4Editor-AudioCapture.dll (API version 3944462).
LogModuleManager: Display: Found up-to-date module file ../../../Engine/Plugins/Runtime/AudioCapture/Binaries/Win64/UE4Editor-AudioCaptureEditor.dll (API version 3944462).
LogModuleManager: Display: Found up-to-date module file ../../../Engine/Plugins/Runtime/CableComponent/Binaries/Win64/UE4Editor-CableComponent.dll (API version 3944462).
LogModuleManager: Display: Found up-to-date module file ../../../Engine/Plugins/Runtime/CustomMeshComponent/Binaries/Win64/UE4Editor-CustomMeshComponent.dll (API version 3944462).
LogModuleManager: Display: Found up-to-date module file ../../../Engine/Plugins/Runtime/ExampleDeviceProfileSelector/Binaries/Win64/UE4Editor-ExampleDeviceProfileSelector.dll (API version 3944462).
LogModuleManager: Display: Found up-to-date module file ../../../Engine/Plugins/Runtime/ImmediatePhysics/Binaries/Win64/UE4Editor-ImmediatePhysics.dll (API version 3944462).
LogModuleManager: Display: Found up-to-date module file ../../../Engine/Plugins/Runtime/ImmediatePhysics/Binaries/Win64/UE4Editor-ImmediatePhysicsEditor.dll (API version 3944462).
LogModuleManager: Display: Found up-to-date module file ../../../Engine/Plugins/Runtime/LocationServicesBPLibrary/Binaries/Win64/UE4Editor-LocationServicesBPLibrary.dll (API version 3944462).
LogModuleManager: Display: Found up-to-date module file ../../../Engine/Plugins/Runtime/MobilePatchingUtils/Binaries/Win64/UE4Editor-MobilePatchingUtils.dll (API version 3944462).
LogModuleManager: Display: Found up-to-date module file ../../../Engine/Plugins/Runtime/Oculus/OculusVR/Binaries/Win64/UE4Editor-OculusHMD.dll (API version 3944462).
LogModuleManager: Display: Found up-to-date module file ../../../Engine/Plugins/Runtime/Oculus/OculusVR/Binaries/Win64/UE4Editor-OculusInput.dll (API version 3944462).
LogModuleManager: Display: Found up-to-date module file ../../../Engine/Plugins/Runtime/Oculus/OculusVR/Binaries/Win64/UE4Editor-OculusEditor.dll (API version 3944462).
LogModuleManager: Display: Found up-to-date module file ../../../Engine/Plugins/Runtime/PhysXVehicles/Binaries/Win64/UE4Editor-PhysXVehicles.dll (API version 3944462).
LogModuleManager: Display: Found up-to-date module file ../../../Engine/Plugins/Runtime/PhysXVehicles/Binaries/Win64/UE4Editor-PhysXVehiclesEditor.dll (API version 3944462).
LogModuleManager: Display: Found up-to-date module file ../../../Engine/Plugins/Runtime/ProceduralMeshComponent/Binaries/Win64/UE4Editor-ProceduralMeshComponent.dll (API version 3944462).
LogModuleManager: Display: Found up-to-date module file ../../../Engine/Plugins/Runtime/ProceduralMeshComponent/Binaries/Win64/UE4Editor-ProceduralMeshComponentEditor.dll (API version 3944462).
LogModuleManager: Display: Found up-to-date module file ../../../Engine/Plugins/Runtime/RuntimePhysXCooking/Binaries/Win64/UE4Editor-RuntimePhysXCooking.dll (API version 3944462).
LogModuleManager: Display: Found up-to-date module file ../../../Engine/Plugins/Runtime/Steam/SteamVR/Binaries/Win64/UE4Editor-SteamVR.dll (API version 3944462).
LogModuleManager: Display: Found up-to-date module file ../../../Engine/Plugins/Runtime/Steam/SteamVR/Binaries/Win64/UE4Editor-SteamVRController.dll (API version 3944462).
LogModuleManager: Display: Found up-to-date module file ../../../Engine/Plugins/Runtime/WindowsMoviePlayer/Binaries/Win64/UE4Editor-WindowsMoviePlayer.dll (API version 3944462).
LogInit: Warning: Incompatible or missing module: UE4Editor-Cube.dll
Running C:/Unreal/UE_4.19/Engine/Binaries/DotNET/UnrealBuildTool.exe Cube Development Win64 -project="C:/Users/shin/Source/Repos/ShinChanhun/Cube/Cube/Cube.uproject" -editorrecompile -progress -NoHotReloadFromIDE
Using 'git status' to determine working set for adaptive non-unity build.
Creating makefile for Cube (game project files are newer)
@progress push 5%
Parsing headers for CubeEditor
  Running UnrealHeaderTool "C:\Users\shin\Source\Repos\ShinChanhun\Cube\Cube\Cube.uproject" "C:\Users\shin\Source\Repos\ShinChanhun\Cube\Cube\Intermediate\Build\Win64\CubeEditor\Development\CubeEditor.uhtmanifest" -LogCmds="loginit warning, logexit warning, logdatabase error" -Unattended -WarningsAsErrors -installed
Reflection code generated for CubeEditor in 10.5142099 seconds
@progress pop
Performing 6 actions (4 in parallel)
CubeGameModeBase.cpp
Cube.cpp
CubeGameModeBase.gen.cpp
Cube.init.gen.cpp
[5/6] Link UE4Editor-Cube.dll
[6/6] Link UE4Editor-Cube.lib
   C:\Users\shin\Source\Repos\ShinChanhun\Cube\Cube\Intermediate\Build\Win64\UE4Editor\Development\UE4Editor-Cube.lib ???̺귯?? ?? C:\Users\shin\Source\Repos\ShinChanhun\Cube\Cube\Intermediate\Build\Win64\UE4Editor\Development\UE4Editor-Cube.exp ??ü?? ?????ϰ? ?ֽ??ϴ?.
   C:\Users\shin\Source\Repos\ShinChanhun\Cube\Cube\Intermediate\Build\Win64\UE4Editor\Development\UE4Editor-Cube.suppressed.lib ???̺귯?? ?? C:\Users\shin\Source\Repos\ShinChanhun\Cube\Cube\Intermediate\Build\Win64\UE4Editor\Development\UE4Editor-Cube.suppressed.exp ??ü?? ?????ϰ? ?ֽ??ϴ?.
Total build time: 57.93 seconds (Local executor: 5.43 seconds)
LogModuleManager: Display: Found up-to-date module file ../../../../../Users/shin/Source/Repos/ShinChanhun/Cube/Cube/Binaries/Win64/UE4Editor-Cube.dll (API version 3944462).
LogModuleManager: Display: Found up-to-date module file ../../../Engine/Plugins/2D/Paper2D/Binaries/Win64/UE4Editor-Paper2D.dll (API version 3944462).
LogModuleManager: Display: Found up-to-date module file ../../../Engine/Plugins/2D/Paper2D/Binaries/Win64/UE4Editor-Paper2DEditor.dll (API version 3944462).
LogModuleManager: Display: Found up-to-date module file ../../../Engine/Plugins/2D/Paper2D/Binaries/Win64/UE4Editor-PaperSpriteSheetImporter.dll (API version 3944462).
LogModuleManager: Display: Found up-to-date module file ../../../Engine/Plugins/2D/Paper2D/Binaries/Win64/UE4Editor-PaperTiledImporter.dll (API version 3944462).
LogModuleManager: Display: Found up-to-date module file ../../../Engine/Plugins/2D/Paper2D/Binaries/Win64/UE4Editor-SmartSnapping.dll (API version 3944462).
LogModuleManager: Display: Found up-to-date module file ../../../Engine/Plugins/Animation/LiveLink/Binaries/Win64/UE4Editor-LiveLink.dll (API version 3944462).
LogModuleManager: Display: Found up-to-date module file ../../../Engine/Plugins/Animation/LiveLink/Binaries/Win64/UE4Editor-LiveLinkEditor.dll (API version 3944462).
LogModuleManager: Display: Found up-to-date module file ../../../Engine/Plugins/Blendables/LightPropagationVolume/Binaries/Win64/UE4Editor-LightPropagationVolumeRuntime.dll (API version 3944462).
LogModuleManager: Display: Found up-to-date module file ../../../Engine/Plugins/Blendables/LightPropagationVolume/Binaries/Win64/UE4Editor-LightPropagationVolumeEditor.dll (API version 3944462).
LogModuleManager: Display: Found up-to-date module file ../../../Engine/Plugins/Developer/CLionSourceCodeAccess/Binaries/Win64/UE4Editor-CLionSourceCodeAccess.dll (API version 3944462).
LogModuleManager: Display: Found up-to-date module file ../../../Engine/Plugins/Developer/GitSourceControl/Binaries/Win64/UE4Editor-GitSourceControl.dll (API version 3944462).
LogModuleManager: Display: Found up-to-date module file ../../../Engine/Plugins/Developer/PerforceSourceControl/Binaries/Win64/UE4Editor-PerforceSourceControl.dll (API version 3944462).
LogModuleManager: Display: Found up-to-date module file ../../../Engine/Plugins/Developer/SubversionSourceControl/Binaries/Win64/UE4Editor-SubversionSourceControl.dll (API version 3944462).
LogModuleManager: Display: Found up-to-date module file ../../../Engine/Plugins/Developer/UObjectPlugin/Binaries/Win64/UE4Editor-UObjectPlugin.dll (API version 3944462).
LogModuleManager: Display: Found up-to-date module file ../../../Engine/Plugins/Developer/VisualStudioCodeSourceCodeAccess/Binaries/Win64/UE4Editor-VisualStudioCodeSourceCodeAccess.dll (API version 3944462).
LogModuleManager: Display: Found up-to-date module file ../../../Engine/Plugins/Developer/VisualStudioSourceCodeAccess/Binaries/Win64/UE4Editor-VisualStudioSourceCodeAccess.dll (API version 3944462).
LogModuleManager: Display: Found up-to-date module file ../../../Engine/Plugins/Editor/AssetManagerEditor/Binaries/Win64/UE4Editor-AssetManagerEditor.dll (API version 3944462).
LogModuleManager: Display: Found up-to-date module file ../../../Engine/Plugins/Editor/CryptoKeys/Binaries/Win64/UE4Editor-CryptoKeys.dll (API version 3944462).
LogModuleManager: Display: Found up-to-date module file ../../../Engine/Plugins/Editor/CryptoKeys/Binaries/Win64/UE4Editor-CryptoKeysOpenSSL.dll (API version 3944462).
LogModuleManager: Display: Found up-to-date module file ../../../Engine/Plugins/Editor/DataValidation/Binaries/Win64/UE4Editor-DataValidation.dll (API version 3944462).
LogModuleManager: Display: Found up-to-date module file ../../../Engine/Plugins/Editor/FacialAnimation/Binaries/Win64/UE4Editor-FacialAnimation.dll (API version 3944462).
LogModuleManager: Display: Found up-to-date module file ../../../Engine/Plugins/Editor/FacialAnimation/Binaries/Win64/UE4Editor-FacialAnimationEditor.dll (API version 3944462).
LogModuleManager: Display: Found up-to-date module file ../../../Engine/Plugins/Editor/GameplayTagsEditor/Binaries/Win64/UE4Editor-GameplayTagsEditor.dll (API version 3944462).
LogModuleManager: Display: Found up-to-date module file ../../../Engine/Plugins/Editor/MobileLauncherProfileWizard/Binaries/Win64/UE4Editor-MobileLauncherProfileWizard.dll (API version 3944462).
LogModuleManager: Display: Found up-to-date module file ../../../Engine/Plugins/Editor/PluginBrowser/Binaries/Win64/UE4Editor-PluginBrowser.dll (API version 3944462).
LogModuleManager: Display: Found up-to-date module file ../../../Engine/Plugins/Editor/SpeedTreeImporter/Binaries/Win64/UE4Editor-SpeedTreeImporter.dll (API version 3944462).
LogModuleManager: Display: Found up-to-date module file ../../../Engine/Plugins/Enterprise/DatasmithContent/Binaries/Win64/UE4Editor-DatasmithContent.dll (API version 3944462).
LogModuleManager: Display: Found up-to-date module file ../../../Engine/Plugins/Experimental/AlembicImporter/Binaries/Win64/UE4Editor-AlembicImporter.dll (API version 3944462).
LogModuleManager: Display: Found up-to-date module file ../../../Engine/Plugins/Experimental/AlembicImporter/Binaries/Win64/UE4Editor-AlembicLibrary.dll (API version 3944462).
LogModuleManager: Display: Found up-to-date module file ../../../Engine/Plugins/Experimental/CharacterAI/Binaries/Win64/UE4Editor-CharacterAI.dll (API version 3944462).
LogModuleManager: Display: Found up-to-date module file ../../../Engine/Plugins/Experimental/HTML5Networking/Binaries/Win64/UE4Editor-HTML5Networking.dll (API version 3944462).
LogModuleManager: Display: Found up-to-date module file ../../../Engine/Plugins/Media/AndroidMedia/Binaries/Win64/UE4Editor-AndroidMediaEditor.dll (API version 3944462).
LogModuleManager: Display: Found up-to-date module file ../../../Engine/Plugins/Media/AndroidMedia/Binaries/Win64/UE4Editor-AndroidMediaFactory.dll (API version 3944462).
LogModuleManager: Display: Found up-to-date module file ../../../Engine/Plugins/Media/AvfMedia/Binaries/Win64/UE4Editor-AvfMediaEditor.dll (API version 3944462).
LogModuleManager: Display: Found up-to-date module file ../../../Engine/Plugins/Media/AvfMedia/Binaries/Win64/UE4Editor-AvfMediaFactory.dll (API version 3944462).
LogModuleManager: Display: Found up-to-date module file ../../../Engine/Plugins/Media/AvfMedia/Binaries/Win64/UE4Editor-AvfMediaFactory.dll (API version 3944462).
LogModuleManager: Display: Found up-to-date module file ../../../Engine/Plugins/Media/ImgMedia/Binaries/Win64/UE4Editor-ImgMedia.dll (API version 3944462).
LogModuleManager: Display: Found up-to-date module file ../../../Engine/Plugins/Media/ImgMedia/Binaries/Win64/UE4Editor-ImgMediaEditor.dll (API version 3944462).
LogModuleManager: Display: Found up-to-date module file ../../../Engine/Plugins/Media/ImgMedia/Binaries/Win64/UE4Editor-ImgMediaFactory.dll (API version 3944462).
LogModuleManager: Display: Found up-to-date module file ../../../Engine/Plugins/Media/ImgMedia/Binaries/Win64/UE4Editor-ImgMediaFactory.dll (API version 3944462).
LogModuleManager: Display: Found up-to-date module file ../../../Engine/Plugins/Media/ImgMedia/Binaries/Win64/UE4Editor-OpenExrWrapper.dll (API version 3944462).
LogModuleManager: Display: Found up-to-date module file ../../../Engine/Plugins/Media/LinearTimecode/Binaries/Win64/UE4Editor-LinearTimecode.dll (API version 3944462).
LogModuleManager: Display: Found up-to-date module file ../../../Engine/Plugins/Media/MediaCompositing/Binaries/Win64/UE4Editor-MediaCompositing.dll (API version 3944462).
LogModuleManager: Display: Found up-to-date module file ../../../Engine/Plugins/Media/MediaCompositing/Binaries/Win64/UE4Editor-MediaCompositingEditor.dll (API version 3944462).
LogModuleManager: Display: Found up-to-date module file ../../../Engine/Plugins/Media/MediaPlayerEditor/Binaries/Win64/UE4Editor-MediaPlayerEditor.dll (API version 3944462).
LogModuleManager: Display: Found up-to-date module file ../../../Engine/Plugins/Media/WmfMedia/Binaries/Win64/UE4Editor-WmfMedia.dll (API version 3944462).
LogModuleManager: Display: Found up-to-date module file ../../../Engine/Plugins/Media/WmfMedia/Binaries/Win64/UE4Editor-WmfMediaEditor.dll (API version 3944462).
LogModuleManager: Display: Found up-to-date module file ../../../Engine/Plugins/Media/WmfMedia/Binaries/Win64/UE4Editor-WmfMediaFactory.dll (API version 3944462).
LogModuleManager: Display: Found up-to-date module file ../../../Engine/Plugins/Media/WmfMedia/Binaries/Win64/UE4Editor-WmfMediaFactory.dll (API version 3944462).
LogModuleManager: Display: Found up-to-date module file ../../../Engine/Plugins/Messaging/TcpMessaging/Binaries/Win64/UE4Editor-TcpMessaging.dll (API version 3944462).
LogModuleManager: Display: Found up-to-date module file ../../../Engine/Plugins/Messaging/UdpMessaging/Binaries/Win64/UE4Editor-UdpMessaging.dll (API version 3944462).
LogModuleManager: Display: Found up-to-date module file ../../../Engine/Plugins/MovieScene/ActorSequence/Binaries/Win64/UE4Editor-ActorSequence.dll (API version 3944462).
LogModuleManager: Display: Found up-to-date module file ../../../Engine/Plugins/MovieScene/LevelSequenceEditor/Binaries/Win64/UE4Editor-LevelSequenceEditor.dll (API version 3944462).
LogModuleManager: Display: Found up-to-date module file ../../../Engine/Plugins/MovieScene/MatineeToLevelSequence/Binaries/Win64/UE4Editor-MatineeToLevelSequence.dll (API version 3944462).
LogModuleManager: Display: Found up-to-date module file ../../../Engine/Plugins/NetcodeUnitTest/NetcodeUnitTest/Binaries/Win64/UE4Editor-NetcodeUnitTest.dll (API version 3944462).
LogModuleManager: Display: Found up-to-date module file ../../../Engine/Plugins/NetcodeUnitTest/NUTUnrealEngine4/Binaries/Win64/UE4Editor-NUTUnrealEngine4.dll (API version 3944462).
LogModuleManager: Display: Found up-to-date module file ../../../Engine/Plugins/Online/OnlineSubsystem/Binaries/Win64/UE4Editor-OnlineSubsystem.dll (API version 3944462).
LogModuleManager: Display: Found up-to-date module file ../../../Engine/Plugins/Online/OnlineSubsystemNull/Binaries/Win64/UE4Editor-OnlineSubsystemNull.dll (API version 3944462).
LogModuleManager: Display: Found up-to-date module file ../../../Engine/Plugins/Online/OnlineSubsystemUtils/Binaries/Win64/UE4Editor-OnlineSubsystemUtils.dll (API version 3944462).
LogModuleManager: Display: Found up-to-date module file ../../../Engine/Plugins/Online/OnlineSubsystemUtils/Binaries/Win64/UE4Editor-OnlineBlueprintSupport.dll (API version 3944462).
LogModuleManager: Display: Found up-to-date module file ../../../Engine/Plugins/Runtime/AndroidDeviceProfileSelector/Binaries/Win64/UE4Editor-AndroidDeviceProfileSelector.dll (API version 3944462).
LogModuleManager: Display: Found up-to-date module file ../../../Engine/Plugins/Runtime/AndroidPermission/Binaries/Win64/UE4Editor-AndroidPermission.dll (API version 3944462).
LogModuleManager: Display: Found up-to-date module file ../../../Engine/Plugins/Runtime/AppleARKit/Binaries/Win64/UE4Editor-AppleARKit.dll (API version 3944462).
LogModuleManager: Display: Found up-to-date module file ../../../Engine/Plugins/Runtime/ArchVisCharacter/Binaries/Win64/UE4Editor-ArchVisCharacter.dll (API version 3944462).
LogModuleManager: Display: Found up-to-date module file ../../../Engine/Plugins/Runtime/AudioCapture/Binaries/Win64/UE4Editor-AudioCapture.dll (API version 3944462).
LogModuleManager: Display: Found up-to-date module file ../../../Engine/Plugins/Runtime/AudioCapture/Binaries/Win64/UE4Editor-AudioCaptureEditor.dll (API version 3944462).
LogModuleManager: Display: Found up-to-date module file ../../../Engine/Plugins/Runtime/CableComponent/Binaries/Win64/UE4Editor-CableComponent.dll (API version 3944462).
LogModuleManager: Display: Found up-to-date module file ../../../Engine/Plugins/Runtime/CustomMeshComponent/Binaries/Win64/UE4Editor-CustomMeshComponent.dll (API version 3944462).
LogModuleManager: Display: Found up-to-date module file ../../../Engine/Plugins/Runtime/ExampleDeviceProfileSelector/Binaries/Win64/UE4Editor-ExampleDeviceProfileSelector.dll (API version 3944462).
LogModuleManager: Display: Found up-to-date module file ../../../Engine/Plugins/Runtime/ImmediatePhysics/Binaries/Win64/UE4Editor-ImmediatePhysics.dll (API version 3944462).
LogModuleManager: Display: Found up-to-date module file ../../../Engine/Plugins/Runtime/ImmediatePhysics/Binaries/Win64/UE4Editor-ImmediatePhysicsEditor.dll (API version 3944462).
LogModuleManager: Display: Found up-to-date module file ../../../Engine/Plugins/Runtime/LocationServicesBPLibrary/Binaries/Win64/UE4Editor-LocationServicesBPLibrary.dll (API version 3944462).
LogModuleManager: Display: Found up-to-date module file ../../../Engine/Plugins/Runtime/MobilePatchingUtils/Binaries/Win64/UE4Editor-MobilePatchingUtils.dll (API version 3944462).
LogModuleManager: Display: Found up-to-date module file ../../../Engine/Plugins/Runtime/Oculus/OculusVR/Binaries/Win64/UE4Editor-OculusHMD.dll (API version 3944462).
LogModuleManager: Display: Found up-to-date module file ../../../Engine/Plugins/Runtime/Oculus/OculusVR/Binaries/Win64/UE4Editor-OculusInput.dll (API version 3944462).
LogModuleManager: Display: Found up-to-date module file ../../../Engine/Plugins/Runtime/Oculus/OculusVR/Binaries/Win64/UE4Editor-OculusEditor.dll (API version 3944462).
LogModuleManager: Display: Found up-to-date module file ../../../Engine/Plugins/Runtime/PhysXVehicles/Binaries/Win64/UE4Editor-PhysXVehicles.dll (API version 3944462).
LogModuleManager: Display: Found up-to-date module file ../../../Engine/Plugins/Runtime/PhysXVehicles/Binaries/Win64/UE4Editor-PhysXVehiclesEditor.dll (API version 3944462).
LogModuleManager: Display: Found up-to-date module file ../../../Engine/Plugins/Runtime/ProceduralMeshComponent/Binaries/Win64/UE4Editor-ProceduralMeshComponent.dll (API version 3944462).
LogModuleManager: Display: Found up-to-date module file ../../../Engine/Plugins/Runtime/ProceduralMeshComponent/Binaries/Win64/UE4Editor-ProceduralMeshComponentEditor.dll (API version 3944462).
LogModuleManager: Display: Found up-to-date module file ../../../Engine/Plugins/Runtime/RuntimePhysXCooking/Binaries/Win64/UE4Editor-RuntimePhysXCooking.dll (API version 3944462).
LogModuleManager: Display: Found up-to-date module file ../../../Engine/Plugins/Runtime/Steam/SteamVR/Binaries/Win64/UE4Editor-SteamVR.dll (API version 3944462).
LogModuleManager: Display: Found up-to-date module file ../../../Engine/Plugins/Runtime/Steam/SteamVR/Binaries/Win64/UE4Editor-SteamVRController.dll (API version 3944462).
LogModuleManager: Display: Found up-to-date module file ../../../Engine/Plugins/Runtime/WindowsMoviePlayer/Binaries/Win64/UE4Editor-WindowsMoviePlayer.dll (API version 3944462).
LogInit: Using libcurl 7.47.1
LogInit:  - built for x86_64-pc-win32
LogInit:  - supports SSL with OpenSSL/1.0.2g
LogInit:  - supports HTTP deflate (compression) using libz 1.2.8
LogInit:  - other features:
LogInit:      CURL_VERSION_SSL
LogInit:      CURL_VERSION_LIBZ
LogInit:      CURL_VERSION_IPV6
LogInit:      CURL_VERSION_ASYNCHDNS
LogInit:      CURL_VERSION_LARGEFILE
LogInit:      CURL_VERSION_IDN
LogInit:  CurlRequestOptions (configurable via config and command line):
LogInit:  - bVerifyPeer = false  - Libcurl will NOT verify peer certificate
LogInit:  - bUseHttpProxy = false  - Libcurl will NOT use HTTP proxy
LogInit:  - bDontReuseConnections = false  - Libcurl will reuse connections
LogInit:  - CertBundlePath = nullptr  - Libcurl will use whatever was configured at build time.
LogInit:  - MaxHostConnections = 16  - Libcurl will limit the number of connections to a host
LogInit:  - LocalHostAddr = Default
LogInit: WinSock: version 1.1 (2.2), MaxSocks=32767, MaxUdp=65467
LogInit: WinSock: I am DESKTOP-TJRBDPV (192.168.170.1:0)
LogInit: Build: ++UE4+Release-4.19-CL-4033788
LogInit: Engine Version: 4.19.2-4033788+++UE4+Release-4.19
LogInit: Compatible Engine Version: 4.19.0-3944462+++UE4+Release-4.19
LogInit: Net CL: 3944462
LogDevObjectVersion: Number of dev versions registered: 18
LogDevObjectVersion:   Dev-Blueprints (B0D832E4-1F89-4F0D-ACCF-7EB736FD4AA2): 10
LogDevObjectVersion:   Dev-Build (E1C64328-A22C-4D53-A36C-8E866417BD8C): 0
LogDevObjectVersion:   Dev-Core (375EC13C-06E4-48FB-B500-84F0262A717E): 2
LogDevObjectVersion:   Dev-Editor (E4B068ED-F494-42E9-A231-DA0B2E46BB41): 23
LogDevObjectVersion:   Dev-Framework (CFFC743F-43B0-4480-9391-14DF171D2073): 33
LogDevObjectVersion:   Dev-Mobile (B02B49B5-BB20-44E9-A304-32B752E40360): 2
LogDevObjectVersion:   Dev-Networking (A4E4105C-59A1-49B5-A7C5-40C4547EDFEE): 0
LogDevObjectVersion:   Dev-Online (39C831C9-5AE6-47DC-9A44-9C173E1C8E7C): 0
LogDevObjectVersion:   Dev-Physics (78F01B33-EBEA-4F98-B9B4-84EACCB95AA2): 0
LogDevObjectVersion:   Dev-Platform (6631380F-2D4D-43E0-8009-CF276956A95A): 0
LogDevObjectVersion:   Dev-Rendering (12F88B9F-8875-4AFC-A67C-D90C383ABD29): 25
LogDevObjectVersion:   Dev-Sequencer (7B5AE74C-D270-4C10-A958-57980B212A5A): 6
LogDevObjectVersion:   Dev-VR (D7296918-1DD6-4BDD-9DE2-64A83CC13884): 1
LogDevObjectVersion:   Dev-LoadTimes (C2A15278-BFE7-4AFE-6C17-90FF531DF755): 1
LogDevObjectVersion:   Private-Geometry (6EACA3D4-40EC-4CC1-B786-8BED09428FC5): 2
LogDevObjectVersion:   Dev-AnimPhys (29E575DD-E0A3-4627-9D10-D276232CDCEA): 16
LogDevObjectVersion:   Dev-ReflectionCapture (6B266CEC-1EC7-4B8F-A30B-E4D90942FC07): 1
LogDevObjectVersion:   Dev-Automation (0DF73D61-A23F-47EA-B727-89E90C41499A): 1
LogInit: Compiled (64-bit): Apr 27 2018 02:06:57
LogInit: Compiled with Visual C++: 19.00.24215.01
LogInit: Build Configuration: Development
LogInit: Branch Name: ++UE4+Release-4.19
LogInit: Command Line:  
LogInit: Base Directory: C:/Unreal/UE_4.19/Engine/Binaries/Win64/
LogInit: Installed Engine Build: 1
LogStreaming: Display: Took  0.000s to delete old logs.
LogInit: Presizing for max 8388607 objects, including 0 objects not considered by GC, pre-allocating 0 bytes for permanent pool.
LogInit: Object subsystem initialized
[2019.07.03-06.06.47:846][  0]LogInit: Selected Device Profile: [Windows]
[2019.07.03-06.06.47:846][  0]LogInit: Applying CVar settings loaded from the selected device profile: [Windows]
[2019.07.03-06.06.47:869][  0]LogInit: Computer: DESKTOP-TJRBDPV
[2019.07.03-06.06.47:869][  0]LogInit: User: shin
[2019.07.03-06.06.47:869][  0]LogInit: CPU Page size=4096, Cores=4
[2019.07.03-06.06.47:869][  0]LogInit: High frequency timer resolution =3.417956 MHz
[2019.07.03-06.06.47:869][  0]LogMemory: Memory total: Physical=14.9GB (15GB approx)
[2019.07.03-06.06.47:869][  0]LogMemory: Platform Memory Stats for Windows
[2019.07.03-06.06.47:869][  0]LogMemory: Process Physical Memory: 279.49 MB used, 279.49 MB peak
[2019.07.03-06.06.47:869][  0]LogMemory: Process Virtual Memory: 262.71 MB used, 262.71 MB peak
[2019.07.03-06.06.47:869][  0]LogMemory: Physical Memory: 6068.21 MB used,  9240.35 MB free, 15308.56 MB total
[2019.07.03-06.06.47:869][  0]LogMemory: Virtual Memory: 727.70 MB used,  9240.35 MB free, 134217728.00 MB total
[2019.07.03-06.06.47:892][  0]LogInit: Overriding language with editor language configuration option (en).
[2019.07.03-06.06.47:892][  0]LogInit: Overriding locale with editor locale configuration option (en).
[2019.07.03-06.06.48:376][  0]LogStreaming: Display: Took  0.484s to EndInitTextLocalization.
[2019.07.03-06.06.48:377][  0]LogInit: Setting process to per monitor DPI aware
[2019.07.03-06.06.48:405][  0]LogSlate: New Slate User Created.  User Index 0, Is Virtual User: 0
[2019.07.03-06.06.48:405][  0]LogSlate: Slate User Registered.  User Index 0, Is Virtual User: 0
[2019.07.03-06.06.48:659][  0]LogD3D11RHI: D3D11 adapters:
[2019.07.03-06.06.48:689][  0]LogD3D11RHI:    0. 'AMD Radeon(TM) Vega 8 Graphics' (Feature Level 11_0)
[2019.07.03-06.06.48:689][  0]LogD3D11RHI:       1008/0/7654 MB DedicatedVideo/DedicatedSystem/SharedSystem, Outputs:1, VendorId:0x1002
[2019.07.03-06.06.48:692][  0]LogD3D11RHI:    1. 'Microsoft Basic Render Driver' (Feature Level 11_0)
[2019.07.03-06.06.48:692][  0]LogD3D11RHI:       0/0/7654 MB DedicatedVideo/DedicatedSystem/SharedSystem, Outputs:0, VendorId:0x1414
[2019.07.03-06.06.48:692][  0]LogD3D11RHI: Chosen D3D11 Adapter: 0
[2019.07.03-06.06.48:700][  0]LogD3D11RHI: Creating new Direct3DDevice
[2019.07.03-06.06.48:701][  0]LogD3D11RHI:     GPU DeviceId: 0x15dd (for the marketing name, search the web for "GPU Device Id")
[2019.07.03-06.06.48:701][  0]LogWindows: EnumDisplayDevices:
[2019.07.03-06.06.48:701][  0]LogWindows:    0. 'AMD Radeon(TM) Vega 8 Graphics' (P:1 D:1)
[2019.07.03-06.06.48:701][  0]LogWindows:    1. 'AMD Radeon(TM) Vega 8 Graphics' (P:0 D:0)
[2019.07.03-06.06.48:702][  0]LogWindows:    2. 'AMD Radeon(TM) Vega 8 Graphics' (P:0 D:0)
[2019.07.03-06.06.48:702][  0]LogWindows:    3. 'AMD Radeon(TM) Vega 8 Graphics' (P:0 D:0)
[2019.07.03-06.06.48:702][  0]LogWindows:    4. 'AMD Radeon(TM) Vega 8 Graphics' (P:0 D:0)
[2019.07.03-06.06.48:703][  0]LogWindows:    5. 'AMD Radeon(TM) Vega 8 Graphics' (P:0 D:0)
[2019.07.03-06.06.48:703][  0]LogWindows: DebugString: GetVideoDriverDetailsInvalid PrimaryIsNotTheChoosenAdapter GetVideoDriverDetailsInvalid PrimaryIsNotTheChoosenAdapter GetVideoDriverDetailsInvalid PrimaryIsNotTheChoosenAdapter GetVideoDriverDetailsInvalid PrimaryIsNotTheChoosenAdapter GetVideoDriverDetailsInvalid PrimaryIsNotTheChoosenAdapter GetVideoDriverDetailsInvalid PrimaryIsNotTheChoosenAdapter FoundDriverCount:0 
[2019.07.03-06.06.48:703][  0]LogD3D11RHI:     Adapter Name: AMD Radeon(TM) Vega 8 Graphics
[2019.07.03-06.06.48:703][  0]LogD3D11RHI:   Driver Version: Unknown (internal:Unknown, unified:Unknown)
[2019.07.03-06.06.48:703][  0]LogD3D11RHI:      Driver Date: Unknown
[2019.07.03-06.06.48:703][  0]LogRHI: Texture pool is 706 MB (70% of 1008 MB)
[2019.07.03-06.06.48:745][  0]LogD3D11RHI: Async texture creation enabled
[2019.07.03-06.06.48:759][  0]LogD3D11RHI: GPU Timing Frequency: 25.000000 (Debug: 2 1)
[2019.07.03-06.06.48:761][  0]LogShaderCompilers: Guid format shader working directory is -15 characters bigger than the processId version (../../../../../Users/shin/Source/Repos/ShinChanhun/Cube/Cube/Intermediate/Shaders/WorkingDirectory/7552/).
[2019.07.03-06.06.48:761][  0]LogShaderCompilers: Cleaned the shader compiler working directory 'C:/Users/shin/AppData/Local/Temp/UnrealShaderWorkingDir/D1C968BA4BA25C0E10D228ACFB119DAC/'.
[2019.07.03-06.06.49:013][  0]LogTemp: Display: Loaded TP AllDesktopTargetPlatform
[2019.07.03-06.06.49:035][  0]LogTemp: Display: Loaded TP MacClientTargetPlatform
[2019.07.03-06.06.49:054][  0]LogTemp: Display: Loaded TP MacNoEditorTargetPlatform
[2019.07.03-06.06.49:072][  0]LogTemp: Display: Loaded TP MacServerTargetPlatform
[2019.07.03-06.06.49:090][  0]LogTemp: Display: Loaded TP MacTargetPlatform
[2019.07.03-06.06.49:108][  0]LogTemp: Display: Loaded TP WindowsClientTargetPlatform
[2019.07.03-06.06.49:126][  0]LogTemp: Display: Loaded TP WindowsNoEditorTargetPlatform
[2019.07.03-06.06.49:145][  0]LogTemp: Display: Loaded TP WindowsServerTargetPlatform
[2019.07.03-06.06.49:155][  0]LogTemp: Display: Loaded TP WindowsTargetPlatform
[2019.07.03-06.06.49:170][  0]LogTemp: Display: Loaded TP Android_ASTCTargetPlatform
[2019.07.03-06.06.49:185][  0]LogTemp: Display: Loaded TP Android_ATCTargetPlatform
[2019.07.03-06.06.49:201][  0]LogTemp: Display: Loaded TP Android_DXTTargetPlatform
[2019.07.03-06.06.49:216][  0]LogTemp: Display: Loaded TP Android_ETC1aTargetPlatform
[2019.07.03-06.06.49:232][  0]LogTemp: Display: Loaded TP Android_ETC1TargetPlatform
[2019.07.03-06.06.49:246][  0]LogTemp: Display: Loaded TP Android_ETC2TargetPlatform
[2019.07.03-06.06.49:277][  0]LogTemp: Display: Loaded TP Android_MultiTargetPlatform
[2019.07.03-06.06.49:277][  0]LogTemp: Display: Loaded TP Android_PVRTCTargetPlatform
[2019.07.03-06.06.49:293][  0]LogTemp: Display: Loaded TP AndroidTargetPlatform
[2019.07.03-06.06.49:294][  0]LogTemp: Display: Loaded TP HTML5TargetPlatform
[2019.07.03-06.06.49:338][  0]LogTemp: Display: Loaded TP IOSTargetPlatform
[2019.07.03-06.06.49:353][  0]LogTemp: Display: Loaded TP TVOSTargetPlatform
[2019.07.03-06.06.49:368][  0]LogTemp: Display: Loaded TP LinuxClientTargetPlatform
[2019.07.03-06.06.49:383][  0]LogTemp: Display: Loaded TP LinuxNoEditorTargetPlatform
[2019.07.03-06.06.49:398][  0]LogTemp: Display: Loaded TP LinuxServerTargetPlatform
[2019.07.03-06.06.49:417][  0]LogTemp: Display: Loaded TP LinuxTargetPlatform
[2019.07.03-06.06.49:417][  0]LogTargetPlatformManager: Display: Building Assets For Windows
[2019.07.03-06.06.49:597][  0]LogXGEController: Cleaning working directory: C:/Users/shin/AppData/Local/Temp/UnrealXGEWorkingDir/
[2019.07.03-06.06.49:598][  0]LogXGEController: Cannot use XGE Controller as Incredibuild is not installed on this machine.
[2019.07.03-06.06.49:598][  0]LogShaderCompilers: Cannot use XGE Shader Compiler as Incredibuild is not installed on this machine.
[2019.07.03-06.06.49:598][  0]LogShaderCompilers: Display: Using Local Shader Compiler.
[2019.07.03-06.06.50:373][  0]LogDerivedDataCache: Display: Max Cache Size: 512 MB
[2019.07.03-06.06.50:455][  0]LogDerivedDataCache: Loaded boot cache 0.08s 74MB C:/Users/shin/AppData/Local/UnrealEngine/4.19/DerivedDataCache/Boot.ddc.
[2019.07.03-06.06.50:456][  0]LogDerivedDataCache: Display: Loaded Boot cache: C:/Users/shin/AppData/Local/UnrealEngine/4.19/DerivedDataCache/Boot.ddc
[2019.07.03-06.06.50:456][  0]LogDerivedDataCache: FDerivedDataBackendGraph:  Pak pak cache file ../../../../../Users/shin/Source/Repos/ShinChanhun/Cube/Cube/DerivedDataCache/DDC.ddp not found, will not use a pak cache.
[2019.07.03-06.06.50:456][  0]LogDerivedDataCache: Unable to find inner node Pak for hierarchical cache Hierarchy.
[2019.07.03-06.06.50:456][  0]LogDerivedDataCache: FDerivedDataBackendGraph:  CompressedPak pak cache file ../../../../../Users/shin/Source/Repos/ShinChanhun/Cube/Cube/DerivedDataCache/Compressed.ddp not found, will not use a pak cache.
[2019.07.03-06.06.50:456][  0]LogDerivedDataCache: Unable to find inner node CompressedPak for hierarchical cache Hierarchy.
[2019.07.03-06.06.50:474][  0]LogDerivedDataCache: Display: Pak cache opened for reading ../../../Engine/DerivedDataCache/Compressed.ddp.
[2019.07.03-06.06.50:486][  0]LogDerivedDataCache: Using Local data cache path C:/Users/shin/AppData/Local/UnrealEngine/Common/DerivedDataCache: Writable
[2019.07.03-06.06.50:486][  0]LogDerivedDataCache: Shared data cache path not found in *engine.ini, will not use an Shared cache.
[2019.07.03-06.06.50:486][  0]LogDerivedDataCache: Unable to find inner node Shared for hierarchical cache Hierarchy.
[2019.07.03-06.06.50:500][  0]LogMaterial: Verifying Global Shaders for PCD3D_SM5
[2019.07.03-06.06.50:500][  0]LogSlate: Using Freetype 2.6.0
[2019.07.03-06.06.50:501][  0]LogSlate: SlateFontCache - WITH_FREETYPE: 1, WITH_HARFBUZZ: 1
[2019.07.03-06.06.50:501][  0]LogSlate: SlateFontCache - WITH_FREETYPE: 1, WITH_HARFBUZZ: 1
[2019.07.03-06.06.50:662][  0]LogAssetRegistry: FAssetRegistry took 0.0280 seconds to start up
[2019.07.03-06.06.51:028][  0]LogInit: Selected Device Profile: [Windows]
[2019.07.03-06.06.51:209][  0]LogSimplygon: Simplygon DLL not present - disabling.
[2019.07.03-06.06.51:215][  0]LogMeshReduction: Using SimplygonSwarm for distributed automatic mesh merging
[2019.07.03-06.06.51:215][  0]LogMeshReduction: Using QuadricMeshReduction for automatic static mesh reduction
[2019.07.03-06.06.51:215][  0]LogMeshReduction: No automatic skeletal mesh reduction module available
[2019.07.03-06.06.51:215][  0]LogMeshReduction: No automatic mesh merging module available
[2019.07.03-06.06.51:215][  0]LogMeshMerging: No automatic mesh merging module available
[2019.07.03-06.06.51:262][  0]LogNetVersion: Cube , NetCL: 3944462, EngineNetVer: 2, GameNetVer: 0 (Checksum: 1538537672)
[2019.07.03-06.06.51:741][  0]LogPackageLocalizationCache: Processed 9 localized package path(s) for 1 prioritized culture(s) in 0.069663 seconds
[2019.07.03-06.06.51:748][  0]LogUObjectArray: 36728 objects as part of root set at end of initial load.
[2019.07.03-06.06.51:748][  0]LogUObjectAllocator: 7314312 out of 0 bytes used by permanent object pool.
[2019.07.03-06.06.51:748][  0]LogUObjectArray: CloseDisregardForGC: 0/0 objects in disregard for GC pool
[2019.07.03-06.06.53:739][  0]LogTcpMessaging: Initializing TcpMessaging bridge
[2019.07.03-06.06.53:784][  0]LogUdpMessaging: Initializing bridge on interface 0.0.0.0:0 to multicast group 230.0.0.1:6666.
[2019.07.03-06.06.54:377][  0]SourceControl: Source control is disabled
[2019.07.03-06.06.54:377][  0]SourceControl: Source control is disabled
[2019.07.03-06.06.54:409][  0]SourceControl: Source control is disabled
[2019.07.03-06.06.54:443][  0]SourceControl: Source control is disabled
[2019.07.03-06.06.55:220][  0]LogAndroidPermission: UAndroidPermissionCallbackProxy::GetInstance
[2019.07.03-06.06.55:514][  0]LogOcInput: OculusInput pre-init called
[2019.07.03-06.06.55:672][  0]LogEngine: Initializing Engine...
[2019.07.03-06.06.55:674][  0]LogHMD: Failed to initialize OpenVR with code 110
[2019.07.03-06.06.55:676][  0]LogStats: UGameplayTagsManager::ConstructGameplayTagTree: Construct from data asset -  0.000 s
[2019.07.03-06.06.55:676][  0]LogStats: UGameplayTagsManager::ConstructGameplayTagTree: GameplayTagTreeChangedEvent.Broadcast -  0.000 s
[2019.07.03-06.06.55:927][  0]LogAIModule: Creating AISystem for world Untitled
[2019.07.03-06.06.55:957][  0]LogInit: XAudio2 using '스피커(USB Audio Device)' : 2 channels at 48 kHz using 16 bits per sample (channel mask 0x3)
[2019.07.03-06.06.55:977][  0]LogInit: FAudioDevice initialized.
[2019.07.03-06.06.56:150][  0]LogDerivedDataCache: Saved boot cache 0.17s 74MB C:/Users/shin/AppData/Local/UnrealEngine/4.19/DerivedDataCache/Boot.ddc.
[2019.07.03-06.06.56:171][  0]LogInit: Texture streaming: Enabled
[2019.07.03-06.06.56:199][  0]LogEngineSessionManager: EngineSessionManager initialized
[2019.07.03-06.06.56:226][  0]LogInit: Transaction tracking system initialized
[2019.07.03-06.06.56:269][  0]BlueprintLog: New page: Editor Load
[2019.07.03-06.06.56:400][  0]LocalizationService: Localization service is disabled
[2019.07.03-06.06.56:550][  0]LogConsoleResponse: Display: 
[2019.07.03-06.06.56:700][  0]LogAutoReimportManager: Warning: Unable to watch directory ../../../../../Users/shin/Source/Repos/ShinChanhun/Cube/Cube/Content/ as it doesn't exist.
[2019.07.03-06.06.56:700][  0]LogCook: Display: Max memory allowance for cook 16384mb min free memory 0mb
[2019.07.03-06.06.56:700][  0]LogCook: Display: Mobile HDR setting 1
[2019.07.03-06.06.56:700][  0]LogGameplayTags: Display: UGameplayTagsManager::DoneAddingNativeTags. DelegateIsBound: 0
[2019.07.03-06.06.56:700][  0]LogStats: UGameplayTagsManager::ConstructGameplayTagTree: Construct from data asset -  0.000 s
[2019.07.03-06.06.56:700][  0]LogStats: UGameplayTagsManager::ConstructGameplayTagTree: GameplayTagTreeChangedEvent.Broadcast -  0.000 s
[2019.07.03-06.06.57:254][  0]SourceControl: Source control is disabled
[2019.07.03-06.06.57:254][  0]Cmd: MAP LOAD FILE="../../../Engine/Content/Maps/Templates/Template_Default.umap" TEMPLATE=1 SHOWPROGRESS=1 FEATURELEVEL=3
[2019.07.03-06.06.57:255][  0]LightingResults: New page: Lighting Build
[2019.07.03-06.06.57:259][  0]MapCheck: New page: Map Check
[2019.07.03-06.06.57:259][  0]LightingResults: New page: Lighting Build
[2019.07.03-06.06.57:472][  0]LogAIModule: Creating AISystem for world Untitled_1
[2019.07.03-06.06.57:479][  0]LogEditorServer: Finished looking for orphan Actors (0.000 secs)
[2019.07.03-06.06.57:491][  0]Cmd: MAP CHECKDEP NOCLEARLOG
[2019.07.03-06.06.57:565][  0]MapCheck: Map check complete: 0 Error(s), 0 Warning(s), took 74.263ms to complete.
[2019.07.03-06.06.57:566][  0]LogFileHelpers: Loading map 'Template_Default' took 0.311
[2019.07.03-06.06.57:641][  0]LogWindowsTextInputMethodSystem: Display: IME system now activated using TSF (Microsoft 입력기).
[2019.07.03-06.06.57:723][  0]LogCollectionManager: Loaded 0 collections in 0.003199 seconds
[2019.07.03-06.06.57:768][  0]LogFileCache: Scanning file cache for directory 'C:/Users/shin/Source/Repos/ShinChanhun/Cube/Cube/Saved/Collections/' took 0.01s
[2019.07.03-06.06.57:768][  0]LogFileCache: Scanning file cache for directory 'C:/Users/shin/Source/Repos/ShinChanhun/Cube/Cube/Content/Developers/shin/Collections/' took 0.01s
[2019.07.03-06.06.57:768][  0]LogFileCache: Scanning file cache for directory 'C:/Users/shin/Source/Repos/ShinChanhun/Cube/Cube/Content/Collections/' took 0.01s
[2019.07.03-06.06.57:768][  0]LogCollectionManager: Rebuilt the GUID cache for 0 collections in 0.000000 seconds
[2019.07.03-06.06.57:780][  0]LogContentBrowser: Native class hierarchy populated in 0.0116 seconds. Added 2453 classes and 560 folders.
[2019.07.03-06.06.57:793][  0]LogContentBrowser: Native class hierarchy updated for 'WidgetCarousel' in 0.0010 seconds. Added 0 classes and 0 folders.
[2019.07.03-06.06.57:857][  0]LogContentBrowser: Native class hierarchy updated for 'AddContentDialog' in 0.0009 seconds. Added 0 classes and 0 folders.
[2019.07.03-06.06.57:864][  0]LogContentBrowser: Native class hierarchy updated for 'SceneOutliner' in 0.0009 seconds. Added 1 classes and 2 folders.
[2019.07.03-06.06.57:934][  0]LogSlate: Took 0.000276 seconds to synchronously load lazily loaded font '../../../Engine/Content/Slate/Fonts/Roboto-Regular.ttf' (155K)
[2019.07.03-06.06.57:936][  0]LogSlate: Took 0.000274 seconds to synchronously load lazily loaded font '../../../Engine/Content/Slate/Fonts/Roboto-Bold.ttf' (160K)
[2019.07.03-06.06.57:943][  0]LogSlate: Took 0.000305 seconds to synchronously load lazily loaded font '../../../Engine/Content/Editor/Slate/Fonts/FontAwesome.ttf' (139K)
[2019.07.03-06.06.58:037][  0]LogRenderer: Reallocating scene render targets to support 1208x500 Format 10 NumSamples 1 (Frame:1).
[2019.07.03-06.06.58:235][  0]LogContentBrowser: Native class hierarchy updated for 'HierarchicalLODOutliner' in 0.0009 seconds. Added 0 classes and 0 folders.
[2019.07.03-06.06.58:235][  0]LogLoad: (Engine Initialization) Total time: 76.44 seconds
[2019.07.03-06.06.58:235][  0]LogLoad: (Engine Initialization) Total Blueprint compile time: 0.00 seconds
[2019.07.03-06.06.58:266][  0]LogContentStreaming: Texture pool size now 1000 MB
[2019.07.03-06.06.58:308][  1]LogAssetRegistry: Asset discovery search completed in 7.6672 seconds
[2019.07.03-06.06.58:310][  1]LogCollectionManager: Rebuilt the object cache for 0 collections in 0.000000 seconds (found 0 objects)
[2019.07.03-06.06.58:310][  1]LogCollectionManager: Fixed up redirectors for 0 collections in 0.000080 seconds (updated 0 objects)
[2019.07.03-06.07.38:128][675]LogSlate: FSceneViewport::OnFocusLost() reason 0
[2019.07.03-06.07.40:649][846]LogSlate: Took 0.000353 seconds to synchronously load lazily loaded font '../../../Engine/Content/Slate/Fonts/Roboto-Light.ttf' (167K)
[2019.07.03-06.08.53:461][714]LogDirectoryWatcher: A directory notification failed for 'C:/Users/shin/Source/Repos/ShinChanhun/Cube/Cube/Content/Collections/' because it could not be accessed. Aborting watch request...
[2019.07.03-06.08.53:463][714]LogDirectoryWatcher: A directory notification failed for 'C:/Users/shin/Source/Repos/ShinChanhun/Cube/Cube/Content/Developers/shin/Collections/' because it could not be accessed. Aborting watch request...
[2019.07.03-06.08.53:464][714]LogDirectoryWatcher: A directory notification failed for 'C:/Users/shin/Source/Repos/ShinChanhun/Cube/Cube/Saved/Collections/' because it could not be accessed. Aborting watch request...
[2019.07.03-06.09.06:368][167]LogVSAccessor: Warning: Couldn't access Visual Studio
[2019.07.03-06.09.06:374][167]Candidate modules for hot reload:
[2019.07.03-06.09.06:374][167]  Cube
[2019.07.03-06.09.06:374][167]Launching UnrealBuildTool... [C:/Unreal/UE_4.19/Engine/Binaries/DotNET/UnrealBuildTool.exe Cube -ModuleWithSuffix=Cube,9700 Win64 Development -editorrecompile -canskiplink "C:/Users/shin/Source/Repos/ShinChanhun/Cube/Cube/Cube.uproject" ]
[2019.07.03-06.09.06:377][167]Warning: Starting HotReload took  0.0s.
[2019.07.03-06.09.19:535][915]CompilerResultsLog: New page: Compilation - Jul 4, 2019, 12:09:19 AM
[2019.07.03-06.09.19:535][915]CompilerResultsLog: Using 'git status' to determine working set for adaptive non-unity build.
[2019.07.03-06.09.19:535][915]CompilerResultsLog: Creating makefile for hot reloading Cube (game project files are newer)
[2019.07.03-06.09.19:535][915]CompilerResultsLog: Compiling game modules for hot reload
[2019.07.03-06.09.19:535][915]CompilerResultsLog: Performing full C++ include scan (no include cache file)
[2019.07.03-06.09.19:535][915]CompilerResultsLog: Target is up to date
[2019.07.03-06.09.19:535][915]CompilerResultsLog: Total build time: 12.78 seconds (NoActionsToExecute executor: 0.00 seconds)
[2019.07.03-06.09.19:535][915]LogMainFrame: MainFrame: Module compiling took 13.167 seconds
[2019.07.03-06.09.19:563][915]LogContentBrowser: Native class hierarchy populated in 0.0127 seconds. Added 2454 classes and 562 folders.
[2019.07.03-06.09.19:563][915]Display: HotReload took 13.2s.
[2019.07.03-06.09.33:999][862]LogEditorViewport: Clicking on Actor (LMB): BP_Sky_Sphere_C (Sky Sphere)
[2019.07.03-06.09.34:922][911]LogSlate: FSceneViewport::OnFocusLost() reason 0
[2019.07.03-06.10.07:988][238]LogSlate: Window 'Cube - Unreal Editor' being destroyed
[2019.07.03-06.10.07:991][238]LogWindowsTextInputMethodSystem: Display: IME system now activated using TSF (Microsoft 입력기).
[2019.07.03-06.10.08:196][239]Cmd: QUIT_EDITOR
[2019.07.03-06.10.08:234][239]LogSlate: Slate User Destroyed.  User Index 0, Is Virtual User: 0
[2019.07.03-06.10.08:234][239]LogExit: Preparing to exit.
[2019.07.03-06.10.08:870][239]LogExit: Editor shut down
[2019.07.03-06.10.08:875][239]LogExit: Transaction tracking system shut down
[2019.07.03-06.10.09:059][239]LogDirectoryWatcher: A directory notification for '../../../Engine/Content/' was aborted.
[2019.07.03-06.10.09:059][239]LogDirectoryWatcher: A directory notification for '../../Plugins/2D/Paper2D/Content/' was aborted.
[2019.07.03-06.10.09:059][239]LogDirectoryWatcher: A directory notification for '../../Plugins/Enterprise/DatasmithContent/Content/' was aborted.
[2019.07.03-06.10.09:059][239]LogDirectoryWatcher: A directory notification for '../../Plugins/Media/MediaCompositing/Content/' was aborted.
[2019.07.03-06.10.09:059][239]LogDirectoryWatcher: A directory notification for '../../Plugins/Runtime/AppleARKit/Content/' was aborted.
[2019.07.03-06.10.09:060][239]LogDirectoryWatcher: A directory notification for '../../Plugins/Runtime/Oculus/OculusVR/Content/' was aborted.
[2019.07.03-06.10.09:060][239]LogDirectoryWatcher: A directory notification for '../../Plugins/Runtime/Steam/SteamVR/Content/' was aborted.
[2019.07.03-06.10.09:130][239]LogExit: Object subsystem successfully closed.
[2019.07.03-06.10.09:146][239]LogShaderCompilers: Display: Shaders left to compile 0
[2019.07.03-06.10.09:149][239]LogD3D11RHI: Shutdown
[2019.07.03-06.10.09:149][239]LogD3D11RHI: CleanupD3DDevice
[2019.07.03-06.10.09:151][239]LogD3D11RHI: ~FD3D11DynamicRHI
[2019.07.03-06.10.09:182][239]LogModuleManager: Shutting down and abandoning module HierarchicalLODOutliner (578)
[2019.07.03-06.10.09:182][239]LogModuleManager: Shutting down and abandoning module SceneOutliner (576)
[2019.07.03-06.10.09:182][239]LogModuleManager: Shutting down and abandoning module AddContentDialog (574)
[2019.07.03-06.10.09:182][239]LogDirectoryWatcher: A directory notification for 'C:/Unreal/UE_4.19/FeaturePacks/' was aborted.
[2019.07.03-06.10.09:184][239]LogModuleManager: Shutting down and abandoning module WidgetCarousel (573)
[2019.07.03-06.10.09:184][239]LogModuleManager: Shutting down and abandoning module EditorWidgets (570)
[2019.07.03-06.10.09:184][239]LogModuleManager: Shutting down and abandoning module CollectionManager (568)
[2019.07.03-06.10.09:184][239]LogModuleManager: Shutting down and abandoning module HierarchicalLODUtilities (566)
[2019.07.03-06.10.09:184][239]LogModuleManager: Shutting down and abandoning module StatsViewer (564)
[2019.07.03-06.10.09:184][239]LogModuleManager: Shutting down and abandoning module FoliageEdit (562)
[2019.07.03-06.10.09:184][239]LogModuleManager: Shutting down and abandoning module LandscapeEditor (560)
[2019.07.03-06.10.09:184][239]LogModuleManager: Shutting down and abandoning module MeshPaintMode (558)
[2019.07.03-06.10.09:184][239]LogModuleManager: Shutting down and abandoning module SceneDepthPickerMode (556)
[2019.07.03-06.10.09:184][239]LogModuleManager: Shutting down and abandoning module ActorPickerMode (554)
[2019.07.03-06.10.09:184][239]LogModuleManager: Shutting down and abandoning module GeometryMode (552)
[2019.07.03-06.10.09:184][239]LogModuleManager: Shutting down and abandoning module TextureAlignMode (550)
[2019.07.03-06.10.09:184][239]LogModuleManager: Shutting down and abandoning module BspMode (548)
[2019.07.03-06.10.09:184][239]LogModuleManager: Shutting down and abandoning module PIEPreviewDeviceProfileSelector (546)
[2019.07.03-06.10.09:184][239]LogModuleManager: Shutting down and abandoning module HardwareSurvey (544)
[2019.07.03-06.10.09:184][239]LogModuleManager: Shutting down and abandoning module SequenceRecorderSections (542)
[2019.07.03-06.10.09:184][239]LogModuleManager: Shutting down and abandoning module AutomationWorker (540)
[2019.07.03-06.10.09:184][239]LogModuleManager: Shutting down and abandoning module AudioCaptureEditor (538)
[2019.07.03-06.10.09:184][239]LogModuleManager: Shutting down and abandoning module SequenceRecorder (537)
[2019.07.03-06.10.09:184][239]LogModuleManager: Shutting down and abandoning module MatineeToLevelSequence (534)
[2019.07.03-06.10.09:185][239]LogModuleManager: Shutting down and abandoning module LevelSequenceEditor (532)
[2019.07.03-06.10.09:185][239]LogModuleManager: Shutting down and abandoning module PlacementMode (531)
[2019.07.03-06.10.09:185][239]LogModuleManager: Shutting down and abandoning module MaterialEditor (530)
[2019.07.03-06.10.09:185][239]LogModuleManager: Shutting down and abandoning module WmfMediaFactory (526)
[2019.07.03-06.10.09:185][239]LogModuleManager: Shutting down and abandoning module WmfMediaEditor (524)
[2019.07.03-06.10.09:185][239]LogModuleManager: Shutting down and abandoning module MediaPlayerEditor (522)
[2019.07.03-06.10.09:185][239]LogModuleManager: Shutting down and abandoning module OpenExrWrapper (520)
[2019.07.03-06.10.09:185][239]LogModuleManager: Shutting down and abandoning module ImgMediaFactory (518)
[2019.07.03-06.10.09:185][239]LogModuleManager: Shutting down and abandoning module ImgMediaEditor (516)
[2019.07.03-06.10.09:185][239]LogModuleManager: Shutting down and abandoning module AvfMediaFactory (514)
[2019.07.03-06.10.09:185][239]LogModuleManager: Shutting down and abandoning module AvfMediaEditor (512)
[2019.07.03-06.10.09:185][239]LogModuleManager: Shutting down and abandoning module AndroidMediaFactory (510)
[2019.07.03-06.10.09:185][239]LogModuleManager: Shutting down and abandoning module AndroidMediaEditor (508)
[2019.07.03-06.10.09:185][239]LogModuleManager: Shutting down and abandoning module CharacterAI (506)
[2019.07.03-06.10.09:185][239]LogModuleManager: Shutting down and abandoning module SmartSnapping (504)
[2019.07.03-06.10.09:185][239]LogModuleManager: Shutting down and abandoning module SessionServices (502)
[2019.07.03-06.10.09:185][239]LogModuleManager: Shutting down and abandoning module ViewportSnapping (500)
[2019.07.03-06.10.09:185][239]LogModuleManager: Shutting down and abandoning module ViewportInteraction (498)
[2019.07.03-06.10.09:185][239]LogModuleManager: Shutting down and abandoning module ClothPainter (496)
[2019.07.03-06.10.09:185][239]LogModuleManager: Shutting down and abandoning module SkeletalMeshEditor (495)
[2019.07.03-06.10.09:185][239]LogModuleManager: Shutting down and abandoning module LogVisualizer (492)
[2019.07.03-06.10.09:185][239]LogModuleManager: Shutting down and abandoning module IntroTutorials (490)
[2019.07.03-06.10.09:185][239]LogModuleManager: Shutting down and abandoning module GameProjectGeneration (489)
[2019.07.03-06.10.09:185][239]LogModuleManager: Shutting down and abandoning module IOSPlatformEditor (486)
[2019.07.03-06.10.09:185][239]LogModuleManager: Shutting down and abandoning module HTML5PlatformEditor (484)
[2019.07.03-06.10.09:185][239]LogModuleManager: Shutting down and abandoning module AndroidPlatformEditor (482)
[2019.07.03-06.10.09:185][239]LogModuleManager: Shutting down and abandoning module AndroidDeviceDetection (481)
[2019.07.03-06.10.09:521][239]LogModuleManager: Shutting down and abandoning module WindowsPlatformEditor (478)
[2019.07.03-06.10.09:521][239]LogModuleManager: Shutting down and abandoning module IOSRuntimeSettings (476)
[2019.07.03-06.10.09:521][239]LogModuleManager: Shutting down and abandoning module AndroidRuntimeSettings (474)
[2019.07.03-06.10.09:521][239]LogModuleManager: Shutting down and abandoning module InputBindingEditor (472)
[2019.07.03-06.10.09:521][239]LogModuleManager: Shutting down and abandoning module MergeActors (470)
[2019.07.03-06.10.09:521][239]LogModuleManager: Shutting down and abandoning module LocalizationDashboard (468)
[2019.07.03-06.10.09:521][239]LogModuleManager: Shutting down and abandoning module LocalizationService (467)
[2019.07.03-06.10.09:522][239]LogModuleManager: Shutting down and abandoning module HardwareTargeting (464)
[2019.07.03-06.10.09:522][239]LogModuleManager: Shutting down and abandoning module DeviceProfileEditor (462)
[2019.07.03-06.10.09:522][239]LogModuleManager: Shutting down and abandoning module UndoHistory (460)
[2019.07.03-06.10.09:522][239]LogModuleManager: Shutting down and abandoning module XmlParser (458)
[2019.07.03-06.10.09:522][239]LogModuleManager: Shutting down and abandoning module Blutility (456)
[2019.07.03-06.10.09:522][239]LogModuleManager: Shutting down and abandoning module ProjectSettingsViewer (454)
[2019.07.03-06.10.09:522][239]LogModuleManager: Shutting down and abandoning module ProjectTargetPlatformEditor (453)
[2019.07.03-06.10.09:522][239]LogModuleManager: Shutting down and abandoning module EditorSettingsViewer (450)
[2019.07.03-06.10.09:522][239]LogModuleManager: Shutting down and abandoning module SettingsEditor (448)
[2019.07.03-06.10.09:522][239]LogModuleManager: Shutting down and abandoning module ProjectLauncher (446)
[2019.07.03-06.10.09:522][239]LogModuleManager: Shutting down and abandoning module SessionFrontend (444)
[2019.07.03-06.10.09:522][239]LogModuleManager: Shutting down and abandoning module ProfilerClient (442)
[2019.07.03-06.10.09:522][239]LogModuleManager: Shutting down and abandoning module DeviceManager (440)
[2019.07.03-06.10.09:522][239]LogModuleManager: Shutting down and abandoning module TargetDeviceServices (439)
[2019.07.03-06.10.09:576][239]LogModuleManager: Shutting down and abandoning module AutomationController (436)
[2019.07.03-06.10.09:576][239]LogModuleManager: Shutting down and abandoning module AutomationWindow (434)
[2019.07.03-06.10.09:576][239]LogModuleManager: Shutting down and abandoning module Layers (432)
[2019.07.03-06.10.09:576][239]LogModuleManager: Shutting down and abandoning module ComponentVisualizers (430)
[2019.07.03-06.10.09:576][239]LogModuleManager: Shutting down and abandoning module DetailCustomizations (428)
[2019.07.03-06.10.09:576][239]LogModuleManager: Shutting down and abandoning module PackagesDialog (426)
[2019.07.03-06.10.09:576][239]LogModuleManager: Shutting down and abandoning module Persona (424)
[2019.07.03-06.10.09:576][239]LogModuleManager: Shutting down and abandoning module AdvancedPreviewScene (423)
[2019.07.03-06.10.09:576][239]LogModuleManager: Shutting down and abandoning module AnimGraph (421)
[2019.07.03-06.10.09:576][239]LogModuleManager: Shutting down and abandoning module Kismet (418)
[2019.07.03-06.10.09:576][239]LogModuleManager: Shutting down and abandoning module GraphEditor (416)
[2019.07.03-06.10.09:576][239]LogModuleManager: Shutting down and abandoning module ClassViewer (414)
[2019.07.03-06.10.09:576][239]LogModuleManager: Shutting down and abandoning module Toolbox (412)
[2019.07.03-06.10.09:576][239]LogModuleManager: Shutting down and abandoning module ModuleUI (410)
[2019.07.03-06.10.09:576][239]LogModuleManager: Shutting down and abandoning module MovieSceneTools (408)
[2019.07.03-06.10.09:577][239]LogModuleManager: Shutting down and abandoning module OutputLog (406)
[2019.07.03-06.10.09:577][239]LogModuleManager: Shutting down and abandoning module GammaUI (404)
[2019.07.03-06.10.09:577][239]LogModuleManager: Shutting down and abandoning module Documentation (402)
[2019.07.03-06.10.09:577][239]LogModuleManager: Shutting down and abandoning module MovieSceneTracks (400)
[2019.07.03-06.10.09:577][239]LogModuleManager: Shutting down and abandoning module MovieScene (398)
[2019.07.03-06.10.09:577][239]LogModuleManager: Shutting down and abandoning module StreamingPauseRendering (396)
[2019.07.03-06.10.09:577][239]LogModuleManager: Shutting down and abandoning module LauncherPlatform (394)
[2019.07.03-06.10.09:577][239]LogModuleManager: Shutting down and abandoning module AnalyticsET (392)
[2019.07.03-06.10.09:577][239]LogModuleManager: Shutting down and abandoning module PortalServices (390)
[2019.07.03-06.10.09:577][239]LogModuleManager: Shutting down and abandoning module PortalRpc (388)
[2019.07.03-06.10.09:577][239]LogModuleManager: Shutting down and abandoning module MessagingRpc (386)
[2019.07.03-06.10.09:577][239]LogModuleManager: Shutting down and abandoning module AIModule (384)
[2019.07.03-06.10.09:577][239]LogModuleManager: Shutting down and abandoning module GameplayDebugger (383)
[2019.07.03-06.10.09:577][239]LogModuleManager: Shutting down and abandoning module AITestSuite (381)
[2019.07.03-06.10.09:577][239]LogModuleManager: Shutting down and abandoning module ProfilerService (378)
[2019.07.03-06.10.09:644][239]LogModuleManager: Shutting down and abandoning module TaskGraph (376)
[2019.07.03-06.10.09:644][239]LogModuleManager: Shutting down and abandoning module SteamVRController (374)
[2019.07.03-06.10.09:644][239]LogModuleManager: Shutting down and abandoning module ProceduralMeshComponentEditor (372)
[2019.07.03-06.10.09:644][239]LogModuleManager: Shutting down and abandoning module ProceduralMeshComponent (370)
[2019.07.03-06.10.09:644][239]LogModuleManager: Shutting down and abandoning module OculusInput (368)
[2019.07.03-06.10.09:644][239]LogModuleManager: Shutting down and abandoning module MobilePatchingUtils (366)
[2019.07.03-06.10.09:644][239]LogModuleManager: Shutting down and abandoning module CustomMeshComponent (364)
[2019.07.03-06.10.09:644][239]LogModuleManager: Shutting down and abandoning module CableComponent (362)
[2019.07.03-06.10.09:644][239]LogModuleManager: Shutting down and abandoning module AudioCapture (360)
[2019.07.03-06.10.09:644][239]LogModuleManager: Shutting down and abandoning module ArchVisCharacter (358)
[2019.07.03-06.10.09:644][239]LogModuleManager: Shutting down and abandoning module AndroidPermission (356)
[2019.07.03-06.10.09:644][239]LogModuleManager: Shutting down and abandoning module NUTUnrealEngine4 (352)
[2019.07.03-06.10.09:644][239]LogModuleManager: Shutting down and abandoning module NetcodeUnitTest (350)
[2019.07.03-06.10.09:644][239]LogModuleManager: Shutting down and abandoning module MediaCompositingEditor (348)
[2019.07.03-06.10.09:644][239]LogModuleManager: Shutting down and abandoning module MediaCompositing (346)
[2019.07.03-06.10.09:644][239]LogModuleManager: Shutting down and abandoning module LinearTimecode (344)
[2019.07.03-06.10.09:644][239]LogModuleManager: Shutting down and abandoning module ImgMedia (342)
[2019.07.03-06.10.09:650][239]LogModuleManager: Shutting down and abandoning module HTML5Networking (340)
[2019.07.03-06.10.09:650][239]LogModuleManager: Shutting down and abandoning module AlembicImporter (338)
[2019.07.03-06.10.09:650][239]LogModuleManager: Shutting down and abandoning module AlembicLibrary (337)
[2019.07.03-06.10.09:650][239]LogModuleManager: Shutting down and abandoning module GeometryCache (336)
[2019.07.03-06.10.09:650][239]LogModuleManager: Shutting down and abandoning module GeometryCacheEd (335)
[2019.07.03-06.10.09:650][239]LogModuleManager: Shutting down and abandoning module DatasmithContent (330)
[2019.07.03-06.10.09:650][239]LogModuleManager: Shutting down and abandoning module SpeedTreeImporter (328)
[2019.07.03-06.10.09:650][239]LogModuleManager: Shutting down and abandoning module PluginBrowser (326)
[2019.07.03-06.10.09:650][239]LogModuleManager: Shutting down and abandoning module MobileLauncherProfileWizard (324)
[2019.07.03-06.10.09:650][239]LogModuleManager: Shutting down and abandoning module CryptoKeysOpenSSL (322)
[2019.07.03-06.10.09:650][239]LogModuleManager: Shutting down and abandoning module CryptoKeys (320)
[2019.07.03-06.10.09:650][239]LogModuleManager: Shutting down and abandoning module VisualStudioSourceCodeAccess (318)
[2019.07.03-06.10.09:650][239]LogModuleManager: Shutting down and abandoning module VisualStudioCodeSourceCodeAccess (316)
[2019.07.03-06.10.09:650][239]LogModuleManager: Shutting down and abandoning module UObjectPlugin (314)
[2019.07.03-06.10.09:650][239]LogModuleManager: Shutting down and abandoning module SubversionSourceControl (312)
[2019.07.03-06.10.09:650][239]LogModuleManager: Shutting down and abandoning module PerforceSourceControl (310)
[2019.07.03-06.10.09:650][239]LogModuleManager: Shutting down and abandoning module GitSourceControl (308)
[2019.07.03-06.10.09:650][239]LogModuleManager: Shutting down and abandoning module SourceControl (307)
[2019.07.03-06.10.09:650][239]LogModuleManager: Shutting down and abandoning module CLionSourceCodeAccess (304)
[2019.07.03-06.10.09:650][239]LogModuleManager: Shutting down and abandoning module LightPropagationVolumeEditor (302)
[2019.07.03-06.10.09:650][239]LogModuleManager: Shutting down and abandoning module PaperTiledImporter (300)
[2019.07.03-06.10.09:650][239]LogModuleManager: Shutting down and abandoning module PaperSpriteSheetImporter (298)
[2019.07.03-06.10.09:650][239]LogModuleManager: Shutting down and abandoning module Paper2DEditor (296)
[2019.07.03-06.10.09:650][239]LogModuleManager: Shutting down and abandoning module MeshPaint (295)
[2019.07.03-06.10.09:650][239]LogModuleManager: Shutting down and abandoning module Cube (292)
[2019.07.03-06.10.09:650][239]LogModuleManager: Shutting down and abandoning module RuntimePhysXCooking (290)
[2019.07.03-06.10.09:651][239]LogModuleManager: Shutting down and abandoning module PhysXVehiclesEditor (288)
[2019.07.03-06.10.09:651][239]LogModuleManager: Shutting down and abandoning module PhysXVehicles (286)
[2019.07.03-06.10.09:651][239]LogModuleManager: Shutting down and abandoning module OculusEditor (284)
[2019.07.03-06.10.09:651][239]LogModuleManager: Shutting down and abandoning module LocationServicesBPLibrary (282)
[2019.07.03-06.10.09:651][239]LogModuleManager: Shutting down and abandoning module ImmediatePhysicsEditor (280)
[2019.07.03-06.10.09:651][239]LogModuleManager: Shutting down and abandoning module ImmediatePhysics (278)
[2019.07.03-06.10.09:651][239]LogModuleManager: Shutting down and abandoning module ActorSequence (276)
[2019.07.03-06.10.09:651][239]LogModuleManager: Shutting down and abandoning module UdpMessaging (274)
[2019.07.03-06.10.09:751][239]LogModuleManager: Shutting down and abandoning module TcpMessaging (272)
[2019.07.03-06.10.09:851][239]LogModuleManager: Shutting down and abandoning module GameplayTagsEditor (270)
[2019.07.03-06.10.09:851][239]LogModuleManager: Shutting down and abandoning module FacialAnimationEditor (268)
[2019.07.03-06.10.09:851][239]LogModuleManager: Shutting down and abandoning module FacialAnimation (266)
[2019.07.03-06.10.09:851][239]LogModuleManager: Shutting down and abandoning module DataValidation (264)
[2019.07.03-06.10.09:851][239]LogModuleManager: Shutting down and abandoning module AssetManagerEditor (262)
[2019.07.03-06.10.09:851][239]LogModuleManager: Shutting down and abandoning module LevelEditor (261)
[2019.07.03-06.10.09:852][239]LogModuleManager: Shutting down and abandoning module PixelInspectorModule (260)
[2019.07.03-06.10.09:852][239]LogModuleManager: Shutting down and abandoning module CommonMenuExtensions (258)
[2019.07.03-06.10.09:852][239]LogModuleManager: Shutting down and abandoning module MainFrame (256)
[2019.07.03-06.10.09:852][239]LogModuleManager: Shutting down and abandoning module HotReload (255)
[2019.07.03-06.10.09:852][239]LogDirectoryWatcher: A directory notification for 'C:/Users/shin/Source/Repos/ShinChanhun/Cube/Cube/Binaries/Win64' was aborted.
[2019.07.03-06.10.09:853][239]LogModuleManager: Shutting down and abandoning module ContentBrowser (251)
[2019.07.03-06.10.09:855][239]LogModuleManager: Shutting down and abandoning module TreeMap (249)
[2019.07.03-06.10.09:855][239]LogModuleManager: Shutting down and abandoning module LightPropagationVolumeRuntime (246)
[2019.07.03-06.10.09:855][239]LogModuleManager: Shutting down and abandoning module LiveLinkEditor (244)
[2019.07.03-06.10.09:855][239]LogModuleManager: Shutting down and abandoning module LiveLink (242)
[2019.07.03-06.10.10:346][239]LogModuleManager: Shutting down and abandoning module Paper2D (240)
[2019.07.03-06.10.10:346][239]LogModuleManager: Shutting down and abandoning module WindowsMoviePlayer (238)
[2019.07.03-06.10.10:346][239]LogModuleManager: Shutting down and abandoning module WmfMedia (236)
[2019.07.03-06.10.10:348][239]LogModuleManager: Shutting down and abandoning module Media (235)
[2019.07.03-06.10.10:355][239]LogModuleManager: Shutting down and abandoning module PacketHandler (232)
[2019.07.03-06.10.10:355][239]LogModuleManager: Shutting down and abandoning module ClothingSystemEditor (230)
[2019.07.03-06.10.10:355][239]LogModuleManager: Shutting down and abandoning module ClothingSystemRuntime (228)
[2019.07.03-06.10.10:355][239]LogModuleManager: Shutting down and abandoning module MediaAssets (226)
[2019.07.03-06.10.10:355][239]LogModuleManager: Shutting down and abandoning module Overlay (224)
[2019.07.03-06.10.10:355][239]LogModuleManager: Shutting down and abandoning module OverlayEditor (223)
[2019.07.03-06.10.10:355][239]LogModuleManager: Shutting down and abandoning module VREditor (220)
[2019.07.03-06.10.10:355][239]LogModuleManager: Shutting down and abandoning module StringTableEditor (218)
[2019.07.03-06.10.10:355][239]LogModuleManager: Shutting down and abandoning module GameplayTasksEditor (216)
[2019.07.03-06.10.10:355][239]LogModuleManager: Shutting down and abandoning module BehaviorTreeEditor (214)
[2019.07.03-06.10.10:355][239]LogModuleManager: Shutting down and abandoning module FunctionalTesting (212)
[2019.07.03-06.10.10:355][239]LogModuleManager: Shutting down and abandoning module CollisionAnalyzer (210)
[2019.07.03-06.10.10:355][239]LogModuleManager: Shutting down and abandoning module WorkspaceMenuStructure (209)
[2019.07.03-06.10.10:355][239]LogModuleManager: Shutting down and abandoning module UMG (206)
[2019.07.03-06.10.10:355][239]LogModuleManager: Shutting down and abandoning module UMGEditor (205)
[2019.07.03-06.10.10:355][239]LogModuleManager: Shutting down and abandoning module Sequencer (204)
[2019.07.03-06.10.10:355][239]LogModuleManager: Shutting down and abandoning module MessageLog (201)
[2019.07.03-06.10.10:356][239]LogModuleManager: Shutting down and abandoning module SlateReflector (196)
[2019.07.03-06.10.10:356][239]LogModuleManager: Shutting down and abandoning module Slate (194)
[2019.07.03-06.10.10:356][239]LogModuleManager: Shutting down and abandoning module EditorStyle (192)
[2019.07.03-06.10.10:358][239]LogModuleManager: Shutting down and abandoning module MRMesh (190)
[2019.07.03-06.10.10:358][239]LogModuleManager: Shutting down and abandoning module SourceCodeAccess (188)
[2019.07.03-06.10.10:358][239]LogModuleManager: Shutting down and abandoning module HeadMountedDisplay (186)
[2019.07.03-06.10.10:358][239]LogModuleManager: Shutting down and abandoning module XAudio2 (184)
[2019.07.03-06.10.10:358][239]LogModuleManager: Shutting down and abandoning module Networking (182)
[2019.07.03-06.10.10:358][239]LogModuleManager: Shutting down and abandoning module Core (180)
[2019.07.03-06.10.10:358][239]LogModuleManager: Shutting down and abandoning module LevelSequence (178)
[2019.07.03-06.10.10:358][239]LogModuleManager: Shutting down and abandoning module KismetCompiler (176)
[2019.07.03-06.10.10:358][239]LogModuleManager: Shutting down and abandoning module MeshUtilities (174)
[2019.07.03-06.10.10:358][239]LogModuleManager: Shutting down and abandoning module MeshMergeUtilities (173)
[2019.07.03-06.10.10:358][239]LogModuleManager: Shutting down and abandoning module MeshReductionInterface (172)
[2019.07.03-06.10.10:358][239]LogModuleManager: Shutting down and abandoning module SimplygonSwarm (171)
[2019.07.03-06.10.10:358][239]LogModuleManager: Shutting down and abandoning module SimplygonMeshReduction (169)
[2019.07.03-06.10.10:358][239]LogModuleManager: Shutting down and abandoning module QuadricMeshReduction (167)
[2019.07.03-06.10.10:358][239]LogModuleManager: Shutting down and abandoning module MaterialBaking (163)
[2019.07.03-06.10.10:358][239]LogModuleManager: Shutting down and abandoning module DirectoryWatcher (159)
[2019.07.03-06.10.10:359][239]LogModuleManager: Shutting down and abandoning module DerivedDataCache (156)
[2019.07.03-06.10.10:370][239]LogDerivedDataCache: Shutdown
[2019.07.03-06.10.10:370][239]LogModuleManager: Shutting down and abandoning module XGEController (154)
[2019.07.03-06.10.10:370][239]LogXGEController: Cleaning working directory: C:/Users/shin/AppData/Local/Temp/UnrealXGEWorkingDir/
[2019.07.03-06.10.10:370][239]LogModuleManager: Shutting down and abandoning module TargetPlatform (152)
[2019.07.03-06.10.10:370][239]LogModuleManager: Shutting down and abandoning module VulkanShaderFormat (151)
[2019.07.03-06.10.10:370][239]LogModuleManager: Shutting down and abandoning module ShaderFormatVectorVM (149)
[2019.07.03-06.10.10:370][239]LogModuleManager: Shutting down and abandoning module ShaderFormatOpenGL (147)
[2019.07.03-06.10.10:370][239]LogModuleManager: Shutting down and abandoning module ShaderFormatD3D (145)
[2019.07.03-06.10.10:370][239]LogModuleManager: Shutting down and abandoning module MetalShaderFormat (143)
[2019.07.03-06.10.10:370][239]LogModuleManager: Shutting down and abandoning module TextureFormatUncompressed (141)
[2019.07.03-06.10.10:370][239]LogModuleManager: Shutting down and abandoning module TextureFormatPVR (139)
[2019.07.03-06.10.10:370][239]LogModuleManager: Shutting down and abandoning module TextureFormatDXT (137)
[2019.07.03-06.10.10:370][239]LogModuleManager: Shutting down and abandoning module TextureFormatIntelISPCTexComp (135)
[2019.07.03-06.10.10:370][239]LogModuleManager: Shutting down and abandoning module TextureFormatASTC (133)
[2019.07.03-06.10.10:370][239]LogModuleManager: Shutting down and abandoning module ImageWrapper (132)
[2019.07.03-06.10.10:370][239]LogModuleManager: Shutting down and abandoning module TextureFormatAndroid (129)
[2019.07.03-06.10.10:370][239]LogModuleManager: Shutting down and abandoning module AudioFormatOpus (127)
[2019.07.03-06.10.10:370][239]LogModuleManager: Shutting down and abandoning module AudioFormatOgg (125)
[2019.07.03-06.10.10:370][239]LogModuleManager: Shutting down and abandoning module AudioFormatADPCM (123)
[2019.07.03-06.10.10:371][239]LogModuleManager: Shutting down and abandoning module LinuxTargetPlatform (121)
[2019.07.03-06.10.10:371][239]LogModuleManager: Shutting down and abandoning module LinuxServerTargetPlatform (119)
[2019.07.03-06.10.10:371][239]LogModuleManager: Shutting down and abandoning module LinuxNoEditorTargetPlatform (117)
[2019.07.03-06.10.10:371][239]LogModuleManager: Shutting down and abandoning module LinuxClientTargetPlatform (115)
[2019.07.03-06.10.10:371][239]LogModuleManager: Shutting down and abandoning module TVOSTargetPlatform (113)
[2019.07.03-06.10.10:371][239]LogModuleManager: Shutting down and abandoning module Messaging (111)
[2019.07.03-06.10.10:371][239]LogModuleManager: Shutting down and abandoning module IOSTargetPlatform (109)
[2019.07.03-06.10.10:371][239]LogModuleManager: Shutting down and abandoning module HTML5TargetPlatform (107)
[2019.07.03-06.10.10:371][239]LogModuleManager: Shutting down and abandoning module AndroidTargetPlatform (105)
[2019.07.03-06.10.10:371][239]LogModuleManager: Shutting down and abandoning module Android_PVRTCTargetPlatform (103)
[2019.07.03-06.10.10:371][239]LogModuleManager: Shutting down and abandoning module Android_MultiTargetPlatform (101)
[2019.07.03-06.10.10:371][239]LogModuleManager: Shutting down and abandoning module Android_ETC2TargetPlatform (99)
[2019.07.03-06.10.10:371][239]LogModuleManager: Shutting down and abandoning module Android_ETC1TargetPlatform (97)
[2019.07.03-06.10.10:371][239]LogModuleManager: Shutting down and abandoning module Android_ETC1aTargetPlatform (95)
[2019.07.03-06.10.10:371][239]LogModuleManager: Shutting down and abandoning module Android_DXTTargetPlatform (93)
[2019.07.03-06.10.10:371][239]LogModuleManager: Shutting down and abandoning module Android_ATCTargetPlatform (91)
[2019.07.03-06.10.10:371][239]LogModuleManager: Shutting down and abandoning module Android_ASTCTargetPlatform (89)
[2019.07.03-06.10.10:371][239]LogModuleManager: Shutting down and abandoning module WindowsTargetPlatform (87)
[2019.07.03-06.10.10:371][239]LogModuleManager: Shutting down and abandoning module WindowsServerTargetPlatform (85)
[2019.07.03-06.10.10:371][239]LogModuleManager: Shutting down and abandoning module WindowsNoEditorTargetPlatform (83)
[2019.07.03-06.10.10:371][239]LogModuleManager: Shutting down and abandoning module WindowsClientTargetPlatform (81)
[2019.07.03-06.10.10:371][239]LogModuleManager: Shutting down and abandoning module MacTargetPlatform (79)
[2019.07.03-06.10.10:371][239]LogModuleManager: Shutting down and abandoning module MacServerTargetPlatform (77)
[2019.07.03-06.10.10:371][239]LogModuleManager: Shutting down and abandoning module MacNoEditorTargetPlatform (75)
[2019.07.03-06.10.10:371][239]LogModuleManager: Shutting down and abandoning module MacClientTargetPlatform (73)
[2019.07.03-06.10.10:371][239]LogModuleManager: Shutting down and abandoning module AllDesktopTargetPlatform (71)
[2019.07.03-06.10.10:371][239]LogModuleManager: Shutting down and abandoning module InputCore (68)
[2019.07.03-06.10.10:371][239]LogModuleManager: Shutting down and abandoning module Settings (66)
[2019.07.03-06.10.10:371][239]LogModuleManager: Shutting down and abandoning module PhysXCooking (64)
[2019.07.03-06.10.10:371][239]LogModuleManager: Shutting down and abandoning module SteamVR (62)
[2019.07.03-06.10.10:371][239]LogModuleManager: Shutting down and abandoning module OculusHMD (60)
[2019.07.03-06.10.10:371][239]LogModuleManager: Shutting down and abandoning module ExampleDeviceProfileSelector (58)
[2019.07.03-06.10.10:371][239]LogModuleManager: Shutting down and abandoning module AppleARKit (56)
[2019.07.03-06.10.10:371][239]LogModuleManager: Shutting down and abandoning module AugmentedReality (53)
[2019.07.03-06.10.10:371][239]LogModuleManager: Shutting down and abandoning module OnlineBlueprintSupport (50)
[2019.07.03-06.10.10:371][239]LogModuleManager: Shutting down and abandoning module OnlineSubsystem (46)
[2019.07.03-06.10.10:371][239]LogModuleManager: Shutting down and abandoning module XMPP (45)
[2019.07.03-06.10.10:372][239]LogModuleManager: Shutting down and abandoning module HTTP (43)
[2019.07.03-06.10.10:372][239]LogHttp: Display: Http module shutting down, but needs to wait on 1 outstanding Http requests:
[2019.07.03-06.10.10:372][239]LogHttp: Display: 	verb=[POST] url=[https://datarouter.ol.epicgames.com/datarouter/api/v1/public/data?SessionID=%7B69D76150-4A38-998D-0B48-58B9AB4BD798%7D&AppID=UEEditor.Rocket.Release&AppVersion=4.19.2-4033788%2B%2B%2BUE4%2BRelease-4.19&UserID=677cd6154ca2c5c68d0181b12dfd60c5%7C23920f6ce74e47db9ab647e56967ed23%7C95e5ef8b-1374-4092-b41f-83cfc8d500ee&AppEnvironment=datacollector-binary&UploadType=eteventstream] status=Processing
[2019.07.03-06.10.10:402][239]LogModuleManager: Shutting down and abandoning module SSL (42)
[2019.07.03-06.10.10:403][239]LogModuleManager: Shutting down and abandoning module DesktopPlatform (38)
[2019.07.03-06.10.10:403][239]LogModuleManager: Shutting down and abandoning module AnimationModifiers (36)
[2019.07.03-06.10.10:403][239]LogModuleManager: Shutting down and abandoning module PropertyEditor (35)
[2019.07.03-06.10.10:403][239]LogModuleManager: Shutting down and abandoning module AudioEditor (32)
[2019.07.03-06.10.10:403][239]LogModuleManager: Shutting down and abandoning module TextureCompressor (30)
[2019.07.03-06.10.10:404][239]LogModuleManager: Shutting down and abandoning module ShaderCore (28)
[2019.07.03-06.10.10:404][239]LogModuleManager: Shutting down and abandoning module Landscape (26)
[2019.07.03-06.10.10:404][239]LogModuleManager: Shutting down and abandoning module SlateRHIRenderer (24)
[2019.07.03-06.10.10:404][239]LogModuleManager: Shutting down and abandoning module OpenGLDrv (22)
[2019.07.03-06.10.10:404][239]LogModuleManager: Shutting down and abandoning module D3D11RHI (20)
[2019.07.03-06.10.10:404][239]LogModuleManager: Shutting down and abandoning module AnimGraphRuntime (18)
[2019.07.03-06.10.10:404][239]LogModuleManager: Shutting down and abandoning module Renderer (16)
[2019.07.03-06.10.10:404][239]LogModuleManager: Shutting down and abandoning module Engine (14)
[2019.07.03-06.10.10:404][239]LogModuleManager: Shutting down and abandoning module CoreUObject (12)
[2019.07.03-06.10.10:404][239]LogModuleManager: Shutting down and abandoning module NetworkFile (10)
[2019.07.03-06.10.10:405][239]LogModuleManager: Shutting down and abandoning module CookedIterativeFile (8)
[2019.07.03-06.10.10:405][239]LogModuleManager: Shutting down and abandoning module StreamingFile (6)
[2019.07.03-06.10.10:405][239]LogModuleManager: Shutting down and abandoning module SandboxFile (4)
[2019.07.03-06.10.10:405][239]LogModuleManager: Shutting down and abandoning module PakFile (2)
[2019.07.03-06.10.10:408][239]LogExit: Exiting.
[2019.07.03-06.10.10:425][239]Log file closed, 07/03/19 15:10:10
